

<!DOCTYPE html>
<html>
<head>
<meta charset="UTF-8">
<meta name="viewport" content="width=device-width, initial-scale=1, shrink-to-fit=no">
<title></title>
<link rel="apple-touch-icon" href="https://cdn.jsdelivr.net/gh/extent-framework/extent-github-cdn@b00a2d0486596e73dd7326beacf352c639623a0e/commons/img/logo.png">
<link rel="shortcut icon" href="https://cdn.jsdelivr.net/gh/extent-framework/extent-github-cdn@b00a2d0486596e73dd7326beacf352c639623a0e/commons/img/logo.png">
<link href="https://cdn.jsdelivr.net/gh/extent-framework/extent-github-cdn@d6562a79075e061305ccfdb82f01e5e195e2d307/spark/css/spark-style.css" rel="stylesheet" />
<link href="https://stackpath.bootstrapcdn.com/font-awesome/4.7.0/css/font-awesome.min.css" rel="stylesheet">
<script src="https://cdn.jsdelivr.net/gh/extent-framework/extent-github-cdn@7cc78ce/spark/js/jsontree.js"></script>
<style type="text/css"></style></head><body class="spa -report standard">
  <div class="app">
    <div class="layout">
<div class="header navbar">
<div class="vheader">
<div class="nav-logo">
<a href="#">
<div class="logo" style="background-image: url('https://cdn.jsdelivr.net/gh/extent-framework/extent-github-cdn@b00a2d0486596e73dd7326beacf352c639623a0e/commons/img/logo.png')"></div>
</a>
</div>
<ul class="nav-left">
<li class="search-box">
<a class="search-toggle" href="#">
<i class="search-icon fa fa-search"></i>
<i class="search-icon-close fa fa-close"></i>
</a>
</li>
<li class="search-input"><input id="search-tests" class="form-control" type="text" placeholder="Search..."></li>
</ul>
<ul class="nav-right">
<li class="m-r-10">
<a href="#"><span class="badge badge-primary"></span></a>
</li>
<li class="m-r-10">
<a href="#"><span class="badge badge-primary">Dec 26, 2024 08:12:30 pm</span></a>
</li>
</ul>
</div>
</div><div class="side-nav">
<div class="side-nav-inner">
<ul class="side-nav-menu">
<li class="nav-item dropdown" onclick="toggleView('test-view')">
<a id="nav-test" class="dropdown-toggle" href="#">
<span class="ico"><i class="fa fa-list"></i></span>
</a>
</li>
<li class="nav-item dropdown" onclick="toggleView('exception-view')">
<a id="nav-exception" class="dropdown-toggle" href="#">
<span class="ico"><i class="fa fa-bug"></i></span>
</a>
</li>
<li class="nav-item dropdown" onclick="toggleView('dashboard-view')">
<a id="nav-dashboard" class="dropdown-toggle" href="#">
<span class="ico"><i class="fa fa-bar-chart"></i></span>
</a>
</li>
</ul>
</div>
</div>      <div class="vcontainer">
        <div class="main-content">
<div class="test-wrapper row view test-view">
  <div class="test-list">
    <div class="test-list-tools">
<ul class="tools pull-left">
<li><a href="#"><span class="font-size-14">Tests</span></a></li>
</ul>
<ul class="tools text-right">
<li class="dropdown">
<a href="#" class="dropdown-toggle" data-toggle="dropdown"><i class="fa fa-exclamation-circle"></i></a>
<ul id="status-toggle" class="dropdown-menu dropdown-md p-v-0">
<a class="dropdown-item" status="pass" href="#"><span>Pass</span><span class="status success"></span></a>
<a class="dropdown-item" status="fail" href="#"><span>Fail</span><span class="status danger"></span></a>
<div class="dropdown-divider"></div>
<a status="clear" class="dropdown-item" href="#"><span>Clear</span><span class="pull-right"><i class="fa fa-close"></i></span></a>
</ul>
</li>
</ul>
</div>    <div class="test-list-wrapper scrollable">
      <ul class="test-list-item">
        <li class="test-item"  status="pass" test-id="1"
          author=""
          tag=""
          device="">
          <div class="test-detail">
            <p class="name">onTestStart triggered for: tc_003_login</p>
            <p class="text-sm">
              <span>8:12:40 pm</span> / <span>00:00:01:893</span>
              <span class="badge pass-bg log float-right">Pass</span>
            </p>
          </div>
          <div class="test-contents d-none">
<div class="detail-head">
<div class="p-v-10">
<div class="info">
<h5 class="test-status text-pass">onTestStart triggered for: tc_003_login</h5>
<span class='badge badge-success'>12.26.2024 8:12:40 pm</span>
<span class='badge badge-danger'>12.26.2024 8:12:42 pm</span>
<span class='badge badge-default'>00:00:01:893</span>
&middot; <span class='uri-anchor badge badge-default'>#test-id=1</span>
<span class='badge badge-default pointer float-right ml-1 et'><i class="fa fa-chevron-down"></i></span>
<span class='badge badge-default pointer float-right ct'><i class="fa fa-chevron-up"></i></span>
</div>
</div>
</div><div class="detail-body mt-4">
<table class="table table-sm">
  <thead><tr><th class="status-col">Status</th><th class="timestamp-col">Timestamp</th><th class="details-col">Details</th></tr></thead>
  <tbody>
      <tr class="event-row">
        <td><span class="badge log pass-bg">Pass</span></td>
        <td>8:12:42 pm</td>
        <td>
          Test Passed
        </td>
      </tr>
  </tbody>
</table>
</div>
          </div>
        </li>
        <li class="test-item"  status="fail" test-id="2"
          author=""
          tag=""
          device="">
          <div class="test-detail">
            <p class="name">onTestStart triggered for: tc_002_verifyAddUserWithOptionalFields</p>
            <p class="text-sm">
              <span>8:12:42 pm</span> / <span>00:00:07:110</span>
              <span class="badge fail-bg log float-right">Fail</span>
            </p>
          </div>
          <div class="test-contents d-none">
<div class="detail-head">
<div class="p-v-10">
<div class="info">
<h5 class="test-status text-fail">onTestStart triggered for: tc_002_verifyAddUserWithOptionalFields</h5>
<span class='badge badge-success'>12.26.2024 8:12:42 pm</span>
<span class='badge badge-danger'>12.26.2024 8:12:49 pm</span>
<span class='badge badge-default'>00:00:07:110</span>
&middot; <span class='uri-anchor badge badge-default'>#test-id=2</span>
<span class='badge badge-default pointer float-right ml-1 et'><i class="fa fa-chevron-down"></i></span>
<span class='badge badge-default pointer float-right ct'><i class="fa fa-chevron-up"></i></span>
</div>
</div>
</div>    <div class="row mb-3"><div class="col-md-3">
<img data-featherlight='C:\Users\Saket\eclipse-java-2024-06-R-win32-x86_64\workspace\EverAIDashboard//Reports//tc_002_verifyAddUserWithOptionalFields_20241226201249.png' src="C:\Users\Saket\eclipse-java-2024-06-R-win32-x86_64\workspace\EverAIDashboard//Reports//tc_002_verifyAddUserWithOptionalFields_20241226201249.png">
    <div class="title">tc_002_verifyAddUserWithOptionalFields</div>
    </div></div>
<div class="detail-body mt-4">
<table class="table table-sm">
  <thead><tr><th class="status-col">Status</th><th class="timestamp-col">Timestamp</th><th class="details-col">Details</th></tr></thead>
  <tbody>
      <tr class="event-row">
        <td><span class="badge log fail-bg">Fail</span></td>
        <td>8:12:49 pm</td>
        <td>
          <textarea readonly class="code-block">java.lang.AssertionError: The final message does not match the expected message. expected [New User Added 'Alice Johnson'] but found [User Created!]
	at org.testng.Assert.fail(Assert.java:111)
	at org.testng.Assert.failNotEquals(Assert.java:1578)
	at org.testng.Assert.assertEqualsImpl(Assert.java:150)
	at org.testng.Assert.assertEquals(Assert.java:132)
	at org.testng.Assert.assertEquals(Assert.java:656)
	at everailabs.EverAIDashboard.UserManagementTest.tc_002_verifyAddUserWithOptionalFields(UserManagementTest.java:29)
	at java.base/jdk.internal.reflect.DirectMethodHandleAccessor.invoke(DirectMethodHandleAccessor.java:103)
	at java.base/java.lang.reflect.Method.invoke(Method.java:580)
	at org.testng.internal.invokers.MethodInvocationHelper.invokeMethod(MethodInvocationHelper.java:141)
	at org.testng.internal.invokers.TestInvoker.invokeMethod(TestInvoker.java:686)
	at org.testng.internal.invokers.TestInvoker.invokeTestMethod(TestInvoker.java:230)
	at org.testng.internal.invokers.MethodRunner.runInSequence(MethodRunner.java:63)
	at org.testng.internal.invokers.TestInvoker$MethodInvocationAgent.invoke(TestInvoker.java:992)
	at org.testng.internal.invokers.TestInvoker.invokeTestMethods(TestInvoker.java:203)
	at org.testng.internal.invokers.TestMethodWorker.invokeTestMethods(TestMethodWorker.java:154)
	at org.testng.internal.invokers.TestMethodWorker.run(TestMethodWorker.java:134)
	at java.base/java.util.ArrayList.forEach(ArrayList.java:1596)
	at org.testng.TestRunner.privateRun(TestRunner.java:739)
	at org.testng.TestRunner.run(TestRunner.java:614)
	at org.testng.SuiteRunner.runTest(SuiteRunner.java:421)
	at org.testng.SuiteRunner.runSequentially(SuiteRunner.java:413)
	at org.testng.SuiteRunner.privateRun(SuiteRunner.java:373)
	at org.testng.SuiteRunner.run(SuiteRunner.java:312)
	at org.testng.SuiteRunnerWorker.runSuite(SuiteRunnerWorker.java:52)
	at org.testng.SuiteRunnerWorker.run(SuiteRunnerWorker.java:95)
	at org.testng.TestNG.runSuitesSequentially(TestNG.java:1274)
	at org.testng.TestNG.runSuitesLocally(TestNG.java:1208)
	at org.testng.TestNG.runSuites(TestNG.java:1112)
	at org.testng.TestNG.run(TestNG.java:1079)
	at org.testng.remote.AbstractRemoteTestNG.run(AbstractRemoteTestNG.java:115)
	at org.testng.remote.RemoteTestNG.initAndRun(RemoteTestNG.java:293)
	at org.testng.remote.RemoteTestNG.main(RemoteTestNG.java:91)
</textarea>
          
        </td>
      </tr>
  </tbody>
</table>
</div>
          </div>
        </li>
        <li class="test-item"  status="fail" test-id="3"
          author=""
          tag=""
          device="">
          <div class="test-detail">
            <p class="name">onTestStart triggered for: tc_002_verifyAddUserWithOptionalFields</p>
            <p class="text-sm">
              <span>8:12:49 pm</span> / <span>00:00:06:878</span>
              <span class="badge fail-bg log float-right">Fail</span>
            </p>
          </div>
          <div class="test-contents d-none">
<div class="detail-head">
<div class="p-v-10">
<div class="info">
<h5 class="test-status text-fail">onTestStart triggered for: tc_002_verifyAddUserWithOptionalFields</h5>
<span class='badge badge-success'>12.26.2024 8:12:49 pm</span>
<span class='badge badge-danger'>12.26.2024 8:12:56 pm</span>
<span class='badge badge-default'>00:00:06:878</span>
&middot; <span class='uri-anchor badge badge-default'>#test-id=3</span>
<span class='badge badge-default pointer float-right ml-1 et'><i class="fa fa-chevron-down"></i></span>
<span class='badge badge-default pointer float-right ct'><i class="fa fa-chevron-up"></i></span>
</div>
</div>
</div>    <div class="row mb-3"><div class="col-md-3">
<img data-featherlight='C:\Users\Saket\eclipse-java-2024-06-R-win32-x86_64\workspace\EverAIDashboard//Reports//tc_002_verifyAddUserWithOptionalFields_20241226201256.png' src="C:\Users\Saket\eclipse-java-2024-06-R-win32-x86_64\workspace\EverAIDashboard//Reports//tc_002_verifyAddUserWithOptionalFields_20241226201256.png">
    <div class="title">tc_002_verifyAddUserWithOptionalFields</div>
    </div></div>
<div class="detail-body mt-4">
<table class="table table-sm">
  <thead><tr><th class="status-col">Status</th><th class="timestamp-col">Timestamp</th><th class="details-col">Details</th></tr></thead>
  <tbody>
      <tr class="event-row">
        <td><span class="badge log fail-bg">Fail</span></td>
        <td>8:12:56 pm</td>
        <td>
          <textarea readonly class="code-block">java.lang.AssertionError: The final message does not match the expected message. expected [New User Added 'Jane Smith'] but found [User Created!]
	at org.testng.Assert.fail(Assert.java:111)
	at org.testng.Assert.failNotEquals(Assert.java:1578)
	at org.testng.Assert.assertEqualsImpl(Assert.java:150)
	at org.testng.Assert.assertEquals(Assert.java:132)
	at org.testng.Assert.assertEquals(Assert.java:656)
	at everailabs.EverAIDashboard.UserManagementTest.tc_002_verifyAddUserWithOptionalFields(UserManagementTest.java:29)
	at java.base/jdk.internal.reflect.DirectMethodHandleAccessor.invoke(DirectMethodHandleAccessor.java:103)
	at java.base/java.lang.reflect.Method.invoke(Method.java:580)
	at org.testng.internal.invokers.MethodInvocationHelper.invokeMethod(MethodInvocationHelper.java:141)
	at org.testng.internal.invokers.TestInvoker.invokeMethod(TestInvoker.java:686)
	at org.testng.internal.invokers.TestInvoker.invokeTestMethod(TestInvoker.java:230)
	at org.testng.internal.invokers.MethodRunner.runInSequence(MethodRunner.java:63)
	at org.testng.internal.invokers.TestInvoker$MethodInvocationAgent.invoke(TestInvoker.java:992)
	at org.testng.internal.invokers.TestInvoker.invokeTestMethods(TestInvoker.java:203)
	at org.testng.internal.invokers.TestMethodWorker.invokeTestMethods(TestMethodWorker.java:154)
	at org.testng.internal.invokers.TestMethodWorker.run(TestMethodWorker.java:134)
	at java.base/java.util.ArrayList.forEach(ArrayList.java:1596)
	at org.testng.TestRunner.privateRun(TestRunner.java:739)
	at org.testng.TestRunner.run(TestRunner.java:614)
	at org.testng.SuiteRunner.runTest(SuiteRunner.java:421)
	at org.testng.SuiteRunner.runSequentially(SuiteRunner.java:413)
	at org.testng.SuiteRunner.privateRun(SuiteRunner.java:373)
	at org.testng.SuiteRunner.run(SuiteRunner.java:312)
	at org.testng.SuiteRunnerWorker.runSuite(SuiteRunnerWorker.java:52)
	at org.testng.SuiteRunnerWorker.run(SuiteRunnerWorker.java:95)
	at org.testng.TestNG.runSuitesSequentially(TestNG.java:1274)
	at org.testng.TestNG.runSuitesLocally(TestNG.java:1208)
	at org.testng.TestNG.runSuites(TestNG.java:1112)
	at org.testng.TestNG.run(TestNG.java:1079)
	at org.testng.remote.AbstractRemoteTestNG.run(AbstractRemoteTestNG.java:115)
	at org.testng.remote.RemoteTestNG.initAndRun(RemoteTestNG.java:293)
	at org.testng.remote.RemoteTestNG.main(RemoteTestNG.java:91)
</textarea>
          
        </td>
      </tr>
  </tbody>
</table>
</div>
          </div>
        </li>
        <li class="test-item"  status="fail" test-id="4"
          author=""
          tag=""
          device="">
          <div class="test-detail">
            <p class="name">onTestStart triggered for: tc_002_verifyAddUserWithOptionalFields</p>
            <p class="text-sm">
              <span>8:12:56 pm</span> / <span>00:00:02:081</span>
              <span class="badge fail-bg log float-right">Fail</span>
            </p>
          </div>
          <div class="test-contents d-none">
<div class="detail-head">
<div class="p-v-10">
<div class="info">
<h5 class="test-status text-fail">onTestStart triggered for: tc_002_verifyAddUserWithOptionalFields</h5>
<span class='badge badge-success'>12.26.2024 8:12:56 pm</span>
<span class='badge badge-danger'>12.26.2024 8:12:58 pm</span>
<span class='badge badge-default'>00:00:02:081</span>
&middot; <span class='uri-anchor badge badge-default'>#test-id=4</span>
<span class='badge badge-default pointer float-right ml-1 et'><i class="fa fa-chevron-down"></i></span>
<span class='badge badge-default pointer float-right ct'><i class="fa fa-chevron-up"></i></span>
</div>
</div>
</div>    <div class="row mb-3"><div class="col-md-3">
<img data-featherlight='C:\Users\Saket\eclipse-java-2024-06-R-win32-x86_64\workspace\EverAIDashboard//Reports//tc_002_verifyAddUserWithOptionalFields_20241226201258.png' src="C:\Users\Saket\eclipse-java-2024-06-R-win32-x86_64\workspace\EverAIDashboard//Reports//tc_002_verifyAddUserWithOptionalFields_20241226201258.png">
    <div class="title">tc_002_verifyAddUserWithOptionalFields</div>
    </div></div>
<div class="detail-body mt-4">
<table class="table table-sm">
  <thead><tr><th class="status-col">Status</th><th class="timestamp-col">Timestamp</th><th class="details-col">Details</th></tr></thead>
  <tbody>
      <tr class="event-row">
        <td><span class="badge log fail-bg">Fail</span></td>
        <td>8:12:58 pm</td>
        <td>
          <textarea readonly class="code-block">org.openqa.selenium.ElementClickInterceptedException: element click intercepted: Element <li class="MuiButtonBase-root MuiMenuItem-root MuiMenuItem-gutters MuiMenuItem-root MuiMenuItem-gutters css-2w18tj" tabindex="-1" role="option" aria-selected="false" data-value="FJ-+679">...</li> is not clickable at point (821, 673). Other element would receive the click: <div aria-hidden="true" class="MuiBackdrop-root MuiBackdrop-invisible MuiModal-backdrop css-1lbe2ow" style="opacity: 1; transition: opacity 225ms cubic-bezier(0.4, 0, 0.2, 1);"></div>
  (Session info: chrome=131.0.6778.205)
Build info: version: '4.27.0', revision: 'd6e718d134'
System info: os.name: 'Windows 10', os.arch: 'amd64', os.version: '10.0', java.version: '21.0.4'
Driver info: org.openqa.selenium.chrome.ChromeDriver
Command: [1341e41a54b3c22fc39da73af8d36a88, clickElement {id=f.4390564EC46FFBF2F8D3C4BF4D640A82.d.C8A172A9EA8B8FA80C4B09C87DB9201A.e.875}]
Capabilities {acceptInsecureCerts: false, browserName: chrome, browserVersion: 131.0.6778.205, chrome: {chromedriverVersion: 131.0.6778.204 (52183f9e99a..., userDataDir: C:\Users\Saket\AppData\Loca...}, fedcm:accounts: true, goog:chromeOptions: {debuggerAddress: localhost:55491}, networkConnectionEnabled: false, pageLoadStrategy: normal, platformName: windows, proxy: Proxy(), se:cdp: ws://localhost:55491/devtoo..., se:cdpVersion: 131.0.6778.205, setWindowRect: true, strictFileInteractability: false, timeouts: {implicit: 0, pageLoad: 300000, script: 30000}, unhandledPromptBehavior: dismiss and notify, webauthn:extension:credBlob: true, webauthn:extension:largeBlob: true, webauthn:extension:minPinLength: true, webauthn:extension:prf: true, webauthn:virtualAuthenticators: true}
Element: [[ChromeDriver: chrome on windows (1341e41a54b3c22fc39da73af8d36a88)] -> xpath: //ul[contains(@class,'css-ubifyk')]/li]
Session ID: 1341e41a54b3c22fc39da73af8d36a88
	at java.base/jdk.internal.reflect.DirectConstructorHandleAccessor.newInstance(DirectConstructorHandleAccessor.java:62)
	at java.base/java.lang.reflect.Constructor.newInstanceWithCaller(Constructor.java:502)
	at java.base/java.lang.reflect.Constructor.newInstance(Constructor.java:486)
	at org.openqa.selenium.remote.ErrorCodec.decode(ErrorCodec.java:167)
	at org.openqa.selenium.remote.codec.w3c.W3CHttpResponseCodec.decode(W3CHttpResponseCodec.java:138)
	at org.openqa.selenium.remote.codec.w3c.W3CHttpResponseCodec.decode(W3CHttpResponseCodec.java:50)
	at org.openqa.selenium.remote.HttpCommandExecutor.execute(HttpCommandExecutor.java:190)
	at org.openqa.selenium.remote.service.DriverCommandExecutor.invokeExecute(DriverCommandExecutor.java:216)
	at org.openqa.selenium.remote.service.DriverCommandExecutor.execute(DriverCommandExecutor.java:174)
	at org.openqa.selenium.remote.RemoteWebDriver.execute(RemoteWebDriver.java:545)
	at org.openqa.selenium.remote.RemoteWebElement.execute(RemoteWebElement.java:223)
	at org.openqa.selenium.remote.RemoteWebElement.click(RemoteWebElement.java:76)
	at everailabs.Locators.UM_UsersPageLocators.addUserWithOptionalFields(UM_UsersPageLocators.java:218)
	at everailabs.EverAIDashboard.UserManagementTest.tc_002_verifyAddUserWithOptionalFields(UserManagementTest.java:28)
	at java.base/jdk.internal.reflect.DirectMethodHandleAccessor.invoke(DirectMethodHandleAccessor.java:103)
	at java.base/java.lang.reflect.Method.invoke(Method.java:580)
	at org.testng.internal.invokers.MethodInvocationHelper.invokeMethod(MethodInvocationHelper.java:141)
	at org.testng.internal.invokers.TestInvoker.invokeMethod(TestInvoker.java:686)
	at org.testng.internal.invokers.TestInvoker.invokeTestMethod(TestInvoker.java:230)
	at org.testng.internal.invokers.MethodRunner.runInSequence(MethodRunner.java:63)
	at org.testng.internal.invokers.TestInvoker$MethodInvocationAgent.invoke(TestInvoker.java:992)
	at org.testng.internal.invokers.TestInvoker.invokeTestMethods(TestInvoker.java:203)
	at org.testng.internal.invokers.TestMethodWorker.invokeTestMethods(TestMethodWorker.java:154)
	at org.testng.internal.invokers.TestMethodWorker.run(TestMethodWorker.java:134)
	at java.base/java.util.ArrayList.forEach(ArrayList.java:1596)
	at org.testng.TestRunner.privateRun(TestRunner.java:739)
	at org.testng.TestRunner.run(TestRunner.java:614)
	at org.testng.SuiteRunner.runTest(SuiteRunner.java:421)
	at org.testng.SuiteRunner.runSequentially(SuiteRunner.java:413)
	at org.testng.SuiteRunner.privateRun(SuiteRunner.java:373)
	at org.testng.SuiteRunner.run(SuiteRunner.java:312)
	at org.testng.SuiteRunnerWorker.runSuite(SuiteRunnerWorker.java:52)
	at org.testng.SuiteRunnerWorker.run(SuiteRunnerWorker.java:95)
	at org.testng.TestNG.runSuitesSequentially(TestNG.java:1274)
	at org.testng.TestNG.runSuitesLocally(TestNG.java:1208)
	at org.testng.TestNG.runSuites(TestNG.java:1112)
	at org.testng.TestNG.run(TestNG.java:1079)
	at org.testng.remote.AbstractRemoteTestNG.run(AbstractRemoteTestNG.java:115)
	at org.testng.remote.RemoteTestNG.initAndRun(RemoteTestNG.java:293)
	at org.testng.remote.RemoteTestNG.main(RemoteTestNG.java:91)
</textarea>
          
        </td>
      </tr>
  </tbody>
</table>
</div>
          </div>
        </li>
        <li class="test-item"  status="fail" test-id="5"
          author=""
          tag=""
          device="">
          <div class="test-detail">
            <p class="name">onTestStart triggered for: tc_002_verifyAddUserWithOptionalFields</p>
            <p class="text-sm">
              <span>8:12:58 pm</span> / <span>00:00:01:212</span>
              <span class="badge fail-bg log float-right">Fail</span>
            </p>
          </div>
          <div class="test-contents d-none">
<div class="detail-head">
<div class="p-v-10">
<div class="info">
<h5 class="test-status text-fail">onTestStart triggered for: tc_002_verifyAddUserWithOptionalFields</h5>
<span class='badge badge-success'>12.26.2024 8:12:58 pm</span>
<span class='badge badge-danger'>12.26.2024 8:12:59 pm</span>
<span class='badge badge-default'>00:00:01:212</span>
&middot; <span class='uri-anchor badge badge-default'>#test-id=5</span>
<span class='badge badge-default pointer float-right ml-1 et'><i class="fa fa-chevron-down"></i></span>
<span class='badge badge-default pointer float-right ct'><i class="fa fa-chevron-up"></i></span>
</div>
</div>
</div>    <div class="row mb-3"><div class="col-md-3">
<img data-featherlight='C:\Users\Saket\eclipse-java-2024-06-R-win32-x86_64\workspace\EverAIDashboard//Reports//tc_002_verifyAddUserWithOptionalFields_20241226201259.png' src="C:\Users\Saket\eclipse-java-2024-06-R-win32-x86_64\workspace\EverAIDashboard//Reports//tc_002_verifyAddUserWithOptionalFields_20241226201259.png">
    <div class="title">tc_002_verifyAddUserWithOptionalFields</div>
    </div></div>
<div class="detail-body mt-4">
<table class="table table-sm">
  <thead><tr><th class="status-col">Status</th><th class="timestamp-col">Timestamp</th><th class="details-col">Details</th></tr></thead>
  <tbody>
      <tr class="event-row">
        <td><span class="badge log fail-bg">Fail</span></td>
        <td>8:12:59 pm</td>
        <td>
          <textarea readonly class="code-block">org.openqa.selenium.ElementClickInterceptedException: element click intercepted: Element <button class="MuiButtonBase-root MuiButton-root MuiButton-text MuiButton-textPrimary MuiButton-sizeMedium MuiButton-textSizeMedium MuiButton-colorPrimary MuiButton-fullWidth MuiButton-root MuiButton-text MuiButton-textPrimary MuiButton-sizeMedium MuiButton-textSizeMedium MuiButton-colorPrimary MuiButton-fullWidth css-u5mm73" tabindex="0" type="button">...</button> is not clickable at point (1441, 141). Other element would receive the click: <div aria-hidden="true" class="MuiBackdrop-root MuiBackdrop-invisible MuiModal-backdrop css-1lbe2ow" style="opacity: 1; transition: opacity 225ms cubic-bezier(0.4, 0, 0.2, 1);"></div>
  (Session info: chrome=131.0.6778.205)
Build info: version: '4.27.0', revision: 'd6e718d134'
System info: os.name: 'Windows 10', os.arch: 'amd64', os.version: '10.0', java.version: '21.0.4'
Driver info: org.openqa.selenium.chrome.ChromeDriver
Command: [1341e41a54b3c22fc39da73af8d36a88, clickElement {id=f.4390564EC46FFBF2F8D3C4BF4D640A82.d.C8A172A9EA8B8FA80C4B09C87DB9201A.e.24}]
Capabilities {acceptInsecureCerts: false, browserName: chrome, browserVersion: 131.0.6778.205, chrome: {chromedriverVersion: 131.0.6778.204 (52183f9e99a..., userDataDir: C:\Users\Saket\AppData\Loca...}, fedcm:accounts: true, goog:chromeOptions: {debuggerAddress: localhost:55491}, networkConnectionEnabled: false, pageLoadStrategy: normal, platformName: windows, proxy: Proxy(), se:cdp: ws://localhost:55491/devtoo..., se:cdpVersion: 131.0.6778.205, setWindowRect: true, strictFileInteractability: false, timeouts: {implicit: 0, pageLoad: 300000, script: 30000}, unhandledPromptBehavior: dismiss and notify, webauthn:extension:credBlob: true, webauthn:extension:largeBlob: true, webauthn:extension:minPinLength: true, webauthn:extension:prf: true, webauthn:virtualAuthenticators: true}
Element: [[ChromeDriver: chrome on windows (1341e41a54b3c22fc39da73af8d36a88)] -> xpath: //div[@class='MuiStack-root css-1yls19f']/div/div/button]
Session ID: 1341e41a54b3c22fc39da73af8d36a88
	at java.base/jdk.internal.reflect.DirectConstructorHandleAccessor.newInstance(DirectConstructorHandleAccessor.java:62)
	at java.base/java.lang.reflect.Constructor.newInstanceWithCaller(Constructor.java:502)
	at java.base/java.lang.reflect.Constructor.newInstance(Constructor.java:486)
	at org.openqa.selenium.remote.ErrorCodec.decode(ErrorCodec.java:167)
	at org.openqa.selenium.remote.codec.w3c.W3CHttpResponseCodec.decode(W3CHttpResponseCodec.java:138)
	at org.openqa.selenium.remote.codec.w3c.W3CHttpResponseCodec.decode(W3CHttpResponseCodec.java:50)
	at org.openqa.selenium.remote.HttpCommandExecutor.execute(HttpCommandExecutor.java:190)
	at org.openqa.selenium.remote.service.DriverCommandExecutor.invokeExecute(DriverCommandExecutor.java:216)
	at org.openqa.selenium.remote.service.DriverCommandExecutor.execute(DriverCommandExecutor.java:174)
	at org.openqa.selenium.remote.RemoteWebDriver.execute(RemoteWebDriver.java:545)
	at org.openqa.selenium.remote.RemoteWebElement.execute(RemoteWebElement.java:223)
	at org.openqa.selenium.remote.RemoteWebElement.click(RemoteWebElement.java:76)
	at java.base/jdk.internal.reflect.DirectMethodHandleAccessor.invoke(DirectMethodHandleAccessor.java:103)
	at java.base/java.lang.reflect.Method.invoke(Method.java:580)
	at org.openqa.selenium.support.pagefactory.internal.LocatingElementHandler.invoke(LocatingElementHandler.java:51)
	at jdk.proxy2/jdk.proxy2.$Proxy16.click(Unknown Source)
	at everailabs.Locators.UM_UsersPageLocators.addUserWithOptionalFields(UM_UsersPageLocators.java:208)
	at everailabs.EverAIDashboard.UserManagementTest.tc_002_verifyAddUserWithOptionalFields(UserManagementTest.java:28)
	at java.base/jdk.internal.reflect.DirectMethodHandleAccessor.invoke(DirectMethodHandleAccessor.java:103)
	at java.base/java.lang.reflect.Method.invoke(Method.java:580)
	at org.testng.internal.invokers.MethodInvocationHelper.invokeMethod(MethodInvocationHelper.java:141)
	at org.testng.internal.invokers.TestInvoker.invokeMethod(TestInvoker.java:686)
	at org.testng.internal.invokers.TestInvoker.invokeTestMethod(TestInvoker.java:230)
	at org.testng.internal.invokers.MethodRunner.runInSequence(MethodRunner.java:63)
	at org.testng.internal.invokers.TestInvoker$MethodInvocationAgent.invoke(TestInvoker.java:992)
	at org.testng.internal.invokers.TestInvoker.invokeTestMethods(TestInvoker.java:203)
	at org.testng.internal.invokers.TestMethodWorker.invokeTestMethods(TestMethodWorker.java:154)
	at org.testng.internal.invokers.TestMethodWorker.run(TestMethodWorker.java:134)
	at java.base/java.util.ArrayList.forEach(ArrayList.java:1596)
	at org.testng.TestRunner.privateRun(TestRunner.java:739)
	at org.testng.TestRunner.run(TestRunner.java:614)
	at org.testng.SuiteRunner.runTest(SuiteRunner.java:421)
	at org.testng.SuiteRunner.runSequentially(SuiteRunner.java:413)
	at org.testng.SuiteRunner.privateRun(SuiteRunner.java:373)
	at org.testng.SuiteRunner.run(SuiteRunner.java:312)
	at org.testng.SuiteRunnerWorker.runSuite(SuiteRunnerWorker.java:52)
	at org.testng.SuiteRunnerWorker.run(SuiteRunnerWorker.java:95)
	at org.testng.TestNG.runSuitesSequentially(TestNG.java:1274)
	at org.testng.TestNG.runSuitesLocally(TestNG.java:1208)
	at org.testng.TestNG.runSuites(TestNG.java:1112)
	at org.testng.TestNG.run(TestNG.java:1079)
	at org.testng.remote.AbstractRemoteTestNG.run(AbstractRemoteTestNG.java:115)
	at org.testng.remote.RemoteTestNG.initAndRun(RemoteTestNG.java:293)
	at org.testng.remote.RemoteTestNG.main(RemoteTestNG.java:91)
</textarea>
          
        </td>
      </tr>
  </tbody>
</table>
</div>
          </div>
        </li>
        <li class="test-item"  status="fail" test-id="6"
          author=""
          tag=""
          device="">
          <div class="test-detail">
            <p class="name">onTestStart triggered for: tc_002_verifyAddUserWithOptionalFields</p>
            <p class="text-sm">
              <span>8:12:59 pm</span> / <span>00:00:01:255</span>
              <span class="badge fail-bg log float-right">Fail</span>
            </p>
          </div>
          <div class="test-contents d-none">
<div class="detail-head">
<div class="p-v-10">
<div class="info">
<h5 class="test-status text-fail">onTestStart triggered for: tc_002_verifyAddUserWithOptionalFields</h5>
<span class='badge badge-success'>12.26.2024 8:12:59 pm</span>
<span class='badge badge-danger'>12.26.2024 8:13:01 pm</span>
<span class='badge badge-default'>00:00:01:255</span>
&middot; <span class='uri-anchor badge badge-default'>#test-id=6</span>
<span class='badge badge-default pointer float-right ml-1 et'><i class="fa fa-chevron-down"></i></span>
<span class='badge badge-default pointer float-right ct'><i class="fa fa-chevron-up"></i></span>
</div>
</div>
</div>    <div class="row mb-3"><div class="col-md-3">
<img data-featherlight='C:\Users\Saket\eclipse-java-2024-06-R-win32-x86_64\workspace\EverAIDashboard//Reports//tc_002_verifyAddUserWithOptionalFields_20241226201300.png' src="C:\Users\Saket\eclipse-java-2024-06-R-win32-x86_64\workspace\EverAIDashboard//Reports//tc_002_verifyAddUserWithOptionalFields_20241226201300.png">
    <div class="title">tc_002_verifyAddUserWithOptionalFields</div>
    </div></div>
<div class="detail-body mt-4">
<table class="table table-sm">
  <thead><tr><th class="status-col">Status</th><th class="timestamp-col">Timestamp</th><th class="details-col">Details</th></tr></thead>
  <tbody>
      <tr class="event-row">
        <td><span class="badge log fail-bg">Fail</span></td>
        <td>8:13:00 pm</td>
        <td>
          <textarea readonly class="code-block">org.openqa.selenium.ElementClickInterceptedException: element click intercepted: Element <button class="MuiButtonBase-root MuiButton-root MuiButton-text MuiButton-textPrimary MuiButton-sizeMedium MuiButton-textSizeMedium MuiButton-colorPrimary MuiButton-fullWidth MuiButton-root MuiButton-text MuiButton-textPrimary MuiButton-sizeMedium MuiButton-textSizeMedium MuiButton-colorPrimary MuiButton-fullWidth css-u5mm73" tabindex="0" type="button">...</button> is not clickable at point (1441, 141). Other element would receive the click: <div aria-hidden="true" class="MuiBackdrop-root MuiBackdrop-invisible MuiModal-backdrop css-1lbe2ow" style="opacity: 1; transition: opacity 225ms cubic-bezier(0.4, 0, 0.2, 1);"></div>
  (Session info: chrome=131.0.6778.205)
Build info: version: '4.27.0', revision: 'd6e718d134'
System info: os.name: 'Windows 10', os.arch: 'amd64', os.version: '10.0', java.version: '21.0.4'
Driver info: org.openqa.selenium.chrome.ChromeDriver
Command: [1341e41a54b3c22fc39da73af8d36a88, clickElement {id=f.4390564EC46FFBF2F8D3C4BF4D640A82.d.C8A172A9EA8B8FA80C4B09C87DB9201A.e.24}]
Capabilities {acceptInsecureCerts: false, browserName: chrome, browserVersion: 131.0.6778.205, chrome: {chromedriverVersion: 131.0.6778.204 (52183f9e99a..., userDataDir: C:\Users\Saket\AppData\Loca...}, fedcm:accounts: true, goog:chromeOptions: {debuggerAddress: localhost:55491}, networkConnectionEnabled: false, pageLoadStrategy: normal, platformName: windows, proxy: Proxy(), se:cdp: ws://localhost:55491/devtoo..., se:cdpVersion: 131.0.6778.205, setWindowRect: true, strictFileInteractability: false, timeouts: {implicit: 0, pageLoad: 300000, script: 30000}, unhandledPromptBehavior: dismiss and notify, webauthn:extension:credBlob: true, webauthn:extension:largeBlob: true, webauthn:extension:minPinLength: true, webauthn:extension:prf: true, webauthn:virtualAuthenticators: true}
Element: [[ChromeDriver: chrome on windows (1341e41a54b3c22fc39da73af8d36a88)] -> xpath: //div[@class='MuiStack-root css-1yls19f']/div/div/button]
Session ID: 1341e41a54b3c22fc39da73af8d36a88
	at java.base/jdk.internal.reflect.DirectConstructorHandleAccessor.newInstance(DirectConstructorHandleAccessor.java:62)
	at java.base/java.lang.reflect.Constructor.newInstanceWithCaller(Constructor.java:502)
	at java.base/java.lang.reflect.Constructor.newInstance(Constructor.java:486)
	at org.openqa.selenium.remote.ErrorCodec.decode(ErrorCodec.java:167)
	at org.openqa.selenium.remote.codec.w3c.W3CHttpResponseCodec.decode(W3CHttpResponseCodec.java:138)
	at org.openqa.selenium.remote.codec.w3c.W3CHttpResponseCodec.decode(W3CHttpResponseCodec.java:50)
	at org.openqa.selenium.remote.HttpCommandExecutor.execute(HttpCommandExecutor.java:190)
	at org.openqa.selenium.remote.service.DriverCommandExecutor.invokeExecute(DriverCommandExecutor.java:216)
	at org.openqa.selenium.remote.service.DriverCommandExecutor.execute(DriverCommandExecutor.java:174)
	at org.openqa.selenium.remote.RemoteWebDriver.execute(RemoteWebDriver.java:545)
	at org.openqa.selenium.remote.RemoteWebElement.execute(RemoteWebElement.java:223)
	at org.openqa.selenium.remote.RemoteWebElement.click(RemoteWebElement.java:76)
	at java.base/jdk.internal.reflect.DirectMethodHandleAccessor.invoke(DirectMethodHandleAccessor.java:103)
	at java.base/java.lang.reflect.Method.invoke(Method.java:580)
	at org.openqa.selenium.support.pagefactory.internal.LocatingElementHandler.invoke(LocatingElementHandler.java:51)
	at jdk.proxy2/jdk.proxy2.$Proxy16.click(Unknown Source)
	at everailabs.Locators.UM_UsersPageLocators.addUserWithOptionalFields(UM_UsersPageLocators.java:208)
	at everailabs.EverAIDashboard.UserManagementTest.tc_002_verifyAddUserWithOptionalFields(UserManagementTest.java:28)
	at java.base/jdk.internal.reflect.DirectMethodHandleAccessor.invoke(DirectMethodHandleAccessor.java:103)
	at java.base/java.lang.reflect.Method.invoke(Method.java:580)
	at org.testng.internal.invokers.MethodInvocationHelper.invokeMethod(MethodInvocationHelper.java:141)
	at org.testng.internal.invokers.TestInvoker.invokeMethod(TestInvoker.java:686)
	at org.testng.internal.invokers.TestInvoker.invokeTestMethod(TestInvoker.java:230)
	at org.testng.internal.invokers.MethodRunner.runInSequence(MethodRunner.java:63)
	at org.testng.internal.invokers.TestInvoker$MethodInvocationAgent.invoke(TestInvoker.java:992)
	at org.testng.internal.invokers.TestInvoker.invokeTestMethods(TestInvoker.java:203)
	at org.testng.internal.invokers.TestMethodWorker.invokeTestMethods(TestMethodWorker.java:154)
	at org.testng.internal.invokers.TestMethodWorker.run(TestMethodWorker.java:134)
	at java.base/java.util.ArrayList.forEach(ArrayList.java:1596)
	at org.testng.TestRunner.privateRun(TestRunner.java:739)
	at org.testng.TestRunner.run(TestRunner.java:614)
	at org.testng.SuiteRunner.runTest(SuiteRunner.java:421)
	at org.testng.SuiteRunner.runSequentially(SuiteRunner.java:413)
	at org.testng.SuiteRunner.privateRun(SuiteRunner.java:373)
	at org.testng.SuiteRunner.run(SuiteRunner.java:312)
	at org.testng.SuiteRunnerWorker.runSuite(SuiteRunnerWorker.java:52)
	at org.testng.SuiteRunnerWorker.run(SuiteRunnerWorker.java:95)
	at org.testng.TestNG.runSuitesSequentially(TestNG.java:1274)
	at org.testng.TestNG.runSuitesLocally(TestNG.java:1208)
	at org.testng.TestNG.runSuites(TestNG.java:1112)
	at org.testng.TestNG.run(TestNG.java:1079)
	at org.testng.remote.AbstractRemoteTestNG.run(AbstractRemoteTestNG.java:115)
	at org.testng.remote.RemoteTestNG.initAndRun(RemoteTestNG.java:293)
	at org.testng.remote.RemoteTestNG.main(RemoteTestNG.java:91)
</textarea>
          
        </td>
      </tr>
  </tbody>
</table>
</div>
          </div>
        </li>
        <li class="test-item"  status="fail" test-id="7"
          author=""
          tag=""
          device="">
          <div class="test-detail">
            <p class="name">onTestStart triggered for: tc_002_verifyAddUserWithOptionalFields</p>
            <p class="text-sm">
              <span>8:13:01 pm</span> / <span>00:00:01:222</span>
              <span class="badge fail-bg log float-right">Fail</span>
            </p>
          </div>
          <div class="test-contents d-none">
<div class="detail-head">
<div class="p-v-10">
<div class="info">
<h5 class="test-status text-fail">onTestStart triggered for: tc_002_verifyAddUserWithOptionalFields</h5>
<span class='badge badge-success'>12.26.2024 8:13:01 pm</span>
<span class='badge badge-danger'>12.26.2024 8:13:02 pm</span>
<span class='badge badge-default'>00:00:01:222</span>
&middot; <span class='uri-anchor badge badge-default'>#test-id=7</span>
<span class='badge badge-default pointer float-right ml-1 et'><i class="fa fa-chevron-down"></i></span>
<span class='badge badge-default pointer float-right ct'><i class="fa fa-chevron-up"></i></span>
</div>
</div>
</div>    <div class="row mb-3"><div class="col-md-3">
<img data-featherlight='C:\Users\Saket\eclipse-java-2024-06-R-win32-x86_64\workspace\EverAIDashboard//Reports//tc_002_verifyAddUserWithOptionalFields_20241226201302.png' src="C:\Users\Saket\eclipse-java-2024-06-R-win32-x86_64\workspace\EverAIDashboard//Reports//tc_002_verifyAddUserWithOptionalFields_20241226201302.png">
    <div class="title">tc_002_verifyAddUserWithOptionalFields</div>
    </div></div>
<div class="detail-body mt-4">
<table class="table table-sm">
  <thead><tr><th class="status-col">Status</th><th class="timestamp-col">Timestamp</th><th class="details-col">Details</th></tr></thead>
  <tbody>
      <tr class="event-row">
        <td><span class="badge log fail-bg">Fail</span></td>
        <td>8:13:02 pm</td>
        <td>
          <textarea readonly class="code-block">org.openqa.selenium.ElementClickInterceptedException: element click intercepted: Element <button class="MuiButtonBase-root MuiButton-root MuiButton-text MuiButton-textPrimary MuiButton-sizeMedium MuiButton-textSizeMedium MuiButton-colorPrimary MuiButton-fullWidth MuiButton-root MuiButton-text MuiButton-textPrimary MuiButton-sizeMedium MuiButton-textSizeMedium MuiButton-colorPrimary MuiButton-fullWidth css-u5mm73" tabindex="0" type="button">...</button> is not clickable at point (1441, 141). Other element would receive the click: <div aria-hidden="true" class="MuiBackdrop-root MuiBackdrop-invisible MuiModal-backdrop css-1lbe2ow" style="opacity: 1; transition: opacity 225ms cubic-bezier(0.4, 0, 0.2, 1);"></div>
  (Session info: chrome=131.0.6778.205)
Build info: version: '4.27.0', revision: 'd6e718d134'
System info: os.name: 'Windows 10', os.arch: 'amd64', os.version: '10.0', java.version: '21.0.4'
Driver info: org.openqa.selenium.chrome.ChromeDriver
Command: [1341e41a54b3c22fc39da73af8d36a88, clickElement {id=f.4390564EC46FFBF2F8D3C4BF4D640A82.d.C8A172A9EA8B8FA80C4B09C87DB9201A.e.24}]
Capabilities {acceptInsecureCerts: false, browserName: chrome, browserVersion: 131.0.6778.205, chrome: {chromedriverVersion: 131.0.6778.204 (52183f9e99a..., userDataDir: C:\Users\Saket\AppData\Loca...}, fedcm:accounts: true, goog:chromeOptions: {debuggerAddress: localhost:55491}, networkConnectionEnabled: false, pageLoadStrategy: normal, platformName: windows, proxy: Proxy(), se:cdp: ws://localhost:55491/devtoo..., se:cdpVersion: 131.0.6778.205, setWindowRect: true, strictFileInteractability: false, timeouts: {implicit: 0, pageLoad: 300000, script: 30000}, unhandledPromptBehavior: dismiss and notify, webauthn:extension:credBlob: true, webauthn:extension:largeBlob: true, webauthn:extension:minPinLength: true, webauthn:extension:prf: true, webauthn:virtualAuthenticators: true}
Element: [[ChromeDriver: chrome on windows (1341e41a54b3c22fc39da73af8d36a88)] -> xpath: //div[@class='MuiStack-root css-1yls19f']/div/div/button]
Session ID: 1341e41a54b3c22fc39da73af8d36a88
	at java.base/jdk.internal.reflect.DirectConstructorHandleAccessor.newInstance(DirectConstructorHandleAccessor.java:62)
	at java.base/java.lang.reflect.Constructor.newInstanceWithCaller(Constructor.java:502)
	at java.base/java.lang.reflect.Constructor.newInstance(Constructor.java:486)
	at org.openqa.selenium.remote.ErrorCodec.decode(ErrorCodec.java:167)
	at org.openqa.selenium.remote.codec.w3c.W3CHttpResponseCodec.decode(W3CHttpResponseCodec.java:138)
	at org.openqa.selenium.remote.codec.w3c.W3CHttpResponseCodec.decode(W3CHttpResponseCodec.java:50)
	at org.openqa.selenium.remote.HttpCommandExecutor.execute(HttpCommandExecutor.java:190)
	at org.openqa.selenium.remote.service.DriverCommandExecutor.invokeExecute(DriverCommandExecutor.java:216)
	at org.openqa.selenium.remote.service.DriverCommandExecutor.execute(DriverCommandExecutor.java:174)
	at org.openqa.selenium.remote.RemoteWebDriver.execute(RemoteWebDriver.java:545)
	at org.openqa.selenium.remote.RemoteWebElement.execute(RemoteWebElement.java:223)
	at org.openqa.selenium.remote.RemoteWebElement.click(RemoteWebElement.java:76)
	at java.base/jdk.internal.reflect.DirectMethodHandleAccessor.invoke(DirectMethodHandleAccessor.java:103)
	at java.base/java.lang.reflect.Method.invoke(Method.java:580)
	at org.openqa.selenium.support.pagefactory.internal.LocatingElementHandler.invoke(LocatingElementHandler.java:51)
	at jdk.proxy2/jdk.proxy2.$Proxy16.click(Unknown Source)
	at everailabs.Locators.UM_UsersPageLocators.addUserWithOptionalFields(UM_UsersPageLocators.java:208)
	at everailabs.EverAIDashboard.UserManagementTest.tc_002_verifyAddUserWithOptionalFields(UserManagementTest.java:28)
	at java.base/jdk.internal.reflect.DirectMethodHandleAccessor.invoke(DirectMethodHandleAccessor.java:103)
	at java.base/java.lang.reflect.Method.invoke(Method.java:580)
	at org.testng.internal.invokers.MethodInvocationHelper.invokeMethod(MethodInvocationHelper.java:141)
	at org.testng.internal.invokers.TestInvoker.invokeMethod(TestInvoker.java:686)
	at org.testng.internal.invokers.TestInvoker.invokeTestMethod(TestInvoker.java:230)
	at org.testng.internal.invokers.MethodRunner.runInSequence(MethodRunner.java:63)
	at org.testng.internal.invokers.TestInvoker$MethodInvocationAgent.invoke(TestInvoker.java:992)
	at org.testng.internal.invokers.TestInvoker.invokeTestMethods(TestInvoker.java:203)
	at org.testng.internal.invokers.TestMethodWorker.invokeTestMethods(TestMethodWorker.java:154)
	at org.testng.internal.invokers.TestMethodWorker.run(TestMethodWorker.java:134)
	at java.base/java.util.ArrayList.forEach(ArrayList.java:1596)
	at org.testng.TestRunner.privateRun(TestRunner.java:739)
	at org.testng.TestRunner.run(TestRunner.java:614)
	at org.testng.SuiteRunner.runTest(SuiteRunner.java:421)
	at org.testng.SuiteRunner.runSequentially(SuiteRunner.java:413)
	at org.testng.SuiteRunner.privateRun(SuiteRunner.java:373)
	at org.testng.SuiteRunner.run(SuiteRunner.java:312)
	at org.testng.SuiteRunnerWorker.runSuite(SuiteRunnerWorker.java:52)
	at org.testng.SuiteRunnerWorker.run(SuiteRunnerWorker.java:95)
	at org.testng.TestNG.runSuitesSequentially(TestNG.java:1274)
	at org.testng.TestNG.runSuitesLocally(TestNG.java:1208)
	at org.testng.TestNG.runSuites(TestNG.java:1112)
	at org.testng.TestNG.run(TestNG.java:1079)
	at org.testng.remote.AbstractRemoteTestNG.run(AbstractRemoteTestNG.java:115)
	at org.testng.remote.RemoteTestNG.initAndRun(RemoteTestNG.java:293)
	at org.testng.remote.RemoteTestNG.main(RemoteTestNG.java:91)
</textarea>
          
        </td>
      </tr>
  </tbody>
</table>
</div>
          </div>
        </li>
        <li class="test-item"  status="fail" test-id="8"
          author=""
          tag=""
          device="">
          <div class="test-detail">
            <p class="name">onTestStart triggered for: tc_002_verifyAddUserWithOptionalFields</p>
            <p class="text-sm">
              <span>8:13:02 pm</span> / <span>00:00:01:245</span>
              <span class="badge fail-bg log float-right">Fail</span>
            </p>
          </div>
          <div class="test-contents d-none">
<div class="detail-head">
<div class="p-v-10">
<div class="info">
<h5 class="test-status text-fail">onTestStart triggered for: tc_002_verifyAddUserWithOptionalFields</h5>
<span class='badge badge-success'>12.26.2024 8:13:02 pm</span>
<span class='badge badge-danger'>12.26.2024 8:13:03 pm</span>
<span class='badge badge-default'>00:00:01:245</span>
&middot; <span class='uri-anchor badge badge-default'>#test-id=8</span>
<span class='badge badge-default pointer float-right ml-1 et'><i class="fa fa-chevron-down"></i></span>
<span class='badge badge-default pointer float-right ct'><i class="fa fa-chevron-up"></i></span>
</div>
</div>
</div>    <div class="row mb-3"><div class="col-md-3">
<img data-featherlight='C:\Users\Saket\eclipse-java-2024-06-R-win32-x86_64\workspace\EverAIDashboard//Reports//tc_002_verifyAddUserWithOptionalFields_20241226201303.png' src="C:\Users\Saket\eclipse-java-2024-06-R-win32-x86_64\workspace\EverAIDashboard//Reports//tc_002_verifyAddUserWithOptionalFields_20241226201303.png">
    <div class="title">tc_002_verifyAddUserWithOptionalFields</div>
    </div></div>
<div class="detail-body mt-4">
<table class="table table-sm">
  <thead><tr><th class="status-col">Status</th><th class="timestamp-col">Timestamp</th><th class="details-col">Details</th></tr></thead>
  <tbody>
      <tr class="event-row">
        <td><span class="badge log fail-bg">Fail</span></td>
        <td>8:13:03 pm</td>
        <td>
          <textarea readonly class="code-block">org.openqa.selenium.ElementClickInterceptedException: element click intercepted: Element <button class="MuiButtonBase-root MuiButton-root MuiButton-text MuiButton-textPrimary MuiButton-sizeMedium MuiButton-textSizeMedium MuiButton-colorPrimary MuiButton-fullWidth MuiButton-root MuiButton-text MuiButton-textPrimary MuiButton-sizeMedium MuiButton-textSizeMedium MuiButton-colorPrimary MuiButton-fullWidth css-u5mm73" tabindex="0" type="button">...</button> is not clickable at point (1441, 141). Other element would receive the click: <div aria-hidden="true" class="MuiBackdrop-root MuiBackdrop-invisible MuiModal-backdrop css-1lbe2ow" style="opacity: 1; transition: opacity 225ms cubic-bezier(0.4, 0, 0.2, 1);"></div>
  (Session info: chrome=131.0.6778.205)
Build info: version: '4.27.0', revision: 'd6e718d134'
System info: os.name: 'Windows 10', os.arch: 'amd64', os.version: '10.0', java.version: '21.0.4'
Driver info: org.openqa.selenium.chrome.ChromeDriver
Command: [1341e41a54b3c22fc39da73af8d36a88, clickElement {id=f.4390564EC46FFBF2F8D3C4BF4D640A82.d.C8A172A9EA8B8FA80C4B09C87DB9201A.e.24}]
Capabilities {acceptInsecureCerts: false, browserName: chrome, browserVersion: 131.0.6778.205, chrome: {chromedriverVersion: 131.0.6778.204 (52183f9e99a..., userDataDir: C:\Users\Saket\AppData\Loca...}, fedcm:accounts: true, goog:chromeOptions: {debuggerAddress: localhost:55491}, networkConnectionEnabled: false, pageLoadStrategy: normal, platformName: windows, proxy: Proxy(), se:cdp: ws://localhost:55491/devtoo..., se:cdpVersion: 131.0.6778.205, setWindowRect: true, strictFileInteractability: false, timeouts: {implicit: 0, pageLoad: 300000, script: 30000}, unhandledPromptBehavior: dismiss and notify, webauthn:extension:credBlob: true, webauthn:extension:largeBlob: true, webauthn:extension:minPinLength: true, webauthn:extension:prf: true, webauthn:virtualAuthenticators: true}
Element: [[ChromeDriver: chrome on windows (1341e41a54b3c22fc39da73af8d36a88)] -> xpath: //div[@class='MuiStack-root css-1yls19f']/div/div/button]
Session ID: 1341e41a54b3c22fc39da73af8d36a88
	at java.base/jdk.internal.reflect.DirectConstructorHandleAccessor.newInstance(DirectConstructorHandleAccessor.java:62)
	at java.base/java.lang.reflect.Constructor.newInstanceWithCaller(Constructor.java:502)
	at java.base/java.lang.reflect.Constructor.newInstance(Constructor.java:486)
	at org.openqa.selenium.remote.ErrorCodec.decode(ErrorCodec.java:167)
	at org.openqa.selenium.remote.codec.w3c.W3CHttpResponseCodec.decode(W3CHttpResponseCodec.java:138)
	at org.openqa.selenium.remote.codec.w3c.W3CHttpResponseCodec.decode(W3CHttpResponseCodec.java:50)
	at org.openqa.selenium.remote.HttpCommandExecutor.execute(HttpCommandExecutor.java:190)
	at org.openqa.selenium.remote.service.DriverCommandExecutor.invokeExecute(DriverCommandExecutor.java:216)
	at org.openqa.selenium.remote.service.DriverCommandExecutor.execute(DriverCommandExecutor.java:174)
	at org.openqa.selenium.remote.RemoteWebDriver.execute(RemoteWebDriver.java:545)
	at org.openqa.selenium.remote.RemoteWebElement.execute(RemoteWebElement.java:223)
	at org.openqa.selenium.remote.RemoteWebElement.click(RemoteWebElement.java:76)
	at java.base/jdk.internal.reflect.DirectMethodHandleAccessor.invoke(DirectMethodHandleAccessor.java:103)
	at java.base/java.lang.reflect.Method.invoke(Method.java:580)
	at org.openqa.selenium.support.pagefactory.internal.LocatingElementHandler.invoke(LocatingElementHandler.java:51)
	at jdk.proxy2/jdk.proxy2.$Proxy16.click(Unknown Source)
	at everailabs.Locators.UM_UsersPageLocators.addUserWithOptionalFields(UM_UsersPageLocators.java:208)
	at everailabs.EverAIDashboard.UserManagementTest.tc_002_verifyAddUserWithOptionalFields(UserManagementTest.java:28)
	at java.base/jdk.internal.reflect.DirectMethodHandleAccessor.invoke(DirectMethodHandleAccessor.java:103)
	at java.base/java.lang.reflect.Method.invoke(Method.java:580)
	at org.testng.internal.invokers.MethodInvocationHelper.invokeMethod(MethodInvocationHelper.java:141)
	at org.testng.internal.invokers.TestInvoker.invokeMethod(TestInvoker.java:686)
	at org.testng.internal.invokers.TestInvoker.invokeTestMethod(TestInvoker.java:230)
	at org.testng.internal.invokers.MethodRunner.runInSequence(MethodRunner.java:63)
	at org.testng.internal.invokers.TestInvoker$MethodInvocationAgent.invoke(TestInvoker.java:992)
	at org.testng.internal.invokers.TestInvoker.invokeTestMethods(TestInvoker.java:203)
	at org.testng.internal.invokers.TestMethodWorker.invokeTestMethods(TestMethodWorker.java:154)
	at org.testng.internal.invokers.TestMethodWorker.run(TestMethodWorker.java:134)
	at java.base/java.util.ArrayList.forEach(ArrayList.java:1596)
	at org.testng.TestRunner.privateRun(TestRunner.java:739)
	at org.testng.TestRunner.run(TestRunner.java:614)
	at org.testng.SuiteRunner.runTest(SuiteRunner.java:421)
	at org.testng.SuiteRunner.runSequentially(SuiteRunner.java:413)
	at org.testng.SuiteRunner.privateRun(SuiteRunner.java:373)
	at org.testng.SuiteRunner.run(SuiteRunner.java:312)
	at org.testng.SuiteRunnerWorker.runSuite(SuiteRunnerWorker.java:52)
	at org.testng.SuiteRunnerWorker.run(SuiteRunnerWorker.java:95)
	at org.testng.TestNG.runSuitesSequentially(TestNG.java:1274)
	at org.testng.TestNG.runSuitesLocally(TestNG.java:1208)
	at org.testng.TestNG.runSuites(TestNG.java:1112)
	at org.testng.TestNG.run(TestNG.java:1079)
	at org.testng.remote.AbstractRemoteTestNG.run(AbstractRemoteTestNG.java:115)
	at org.testng.remote.RemoteTestNG.initAndRun(RemoteTestNG.java:293)
	at org.testng.remote.RemoteTestNG.main(RemoteTestNG.java:91)
</textarea>
          
        </td>
      </tr>
  </tbody>
</table>
</div>
          </div>
        </li>
      </ul>
    </div>
  </div>
<div class="test-content scrollable">
<div class="test-content-tools">
<ul><li><a class="back-to-test" href="#"><i class="fa fa-arrow-left"></i></a></li></ul>
</div>
<div class="test-content-detail"><div class="detail-body"></div></div>
</div></div>
<div class="test-wrapper row view exception-view attributes-view">
<div class="test-list">
<div class="test-list-tools">
<ul class="tools pull-left"><li><a href=""><span class="font-size-14">Exception</span></a></li></ul>
<ul class="tools text-right"><li><a href="#"><span class="badge badge-primary">2</span></a></li></ul>
</div>
<div class="test-list-wrapper scrollable">
<ul class="test-list-item">
<li class="test-item">
<div class="test-detail">
<span class="meta">
<span class='badge log badge-danger'>5</span>
</span>
<p class="name">org.openqa.selenium.ElementClickInterceptedException</p>
<p class="duration text-sm">5 tests</p>
</div>
<div class="test-contents d-none">
<div class="info">
<h4>org.openqa.selenium.ElementClickInterceptedException</h4>
<span status="fail" class='badge log badge-danger'>5 failed</span>
</div>
<table class='table table-sm mt-4'>
<thead>
<tr>
<th class="status-col">Status</th>
<th class="timestamp-col">Timestamp</th>
<th>TestName</th>
</tr>
</thead>
<tbody>
<tr class="tag-test-status" status="fail">
<td><span class="badge log fail-bg">Fail</span></td>
<td>20:12:56 pm</td>
<td>
<a href="#" class="linked" test-id='4' id='4'>onTestStart triggered for: tc_002_verifyAddUserWithOptionalFields</a>
</td>
</tr>
<tr class="tag-test-status" status="fail">
<td><span class="badge log fail-bg">Fail</span></td>
<td>20:12:58 pm</td>
<td>
<a href="#" class="linked" test-id='5' id='5'>onTestStart triggered for: tc_002_verifyAddUserWithOptionalFields</a>
</td>
</tr>
<tr class="tag-test-status" status="fail">
<td><span class="badge log fail-bg">Fail</span></td>
<td>20:12:59 pm</td>
<td>
<a href="#" class="linked" test-id='6' id='6'>onTestStart triggered for: tc_002_verifyAddUserWithOptionalFields</a>
</td>
</tr>
<tr class="tag-test-status" status="fail">
<td><span class="badge log fail-bg">Fail</span></td>
<td>20:13:01 pm</td>
<td>
<a href="#" class="linked" test-id='7' id='7'>onTestStart triggered for: tc_002_verifyAddUserWithOptionalFields</a>
</td>
</tr>
<tr class="tag-test-status" status="fail">
<td><span class="badge log fail-bg">Fail</span></td>
<td>20:13:02 pm</td>
<td>
<a href="#" class="linked" test-id='8' id='8'>onTestStart triggered for: tc_002_verifyAddUserWithOptionalFields</a>
</td>
</tr>
</tbody>
</table>
</div>
</li>
<li class="test-item">
<div class="test-detail">
<span class="meta">
<span class='badge log badge-danger'>2</span>
</span>
<p class="name">java.lang.AssertionError</p>
<p class="duration text-sm">2 tests</p>
</div>
<div class="test-contents d-none">
<div class="info">
<h4>java.lang.AssertionError</h4>
<span status="fail" class='badge log badge-danger'>2 failed</span>
</div>
<table class='table table-sm mt-4'>
<thead>
<tr>
<th class="status-col">Status</th>
<th class="timestamp-col">Timestamp</th>
<th>TestName</th>
</tr>
</thead>
<tbody>
<tr class="tag-test-status" status="fail">
<td><span class="badge log fail-bg">Fail</span></td>
<td>20:12:42 pm</td>
<td>
<a href="#" class="linked" test-id='2' id='2'>onTestStart triggered for: tc_002_verifyAddUserWithOptionalFields</a>
</td>
</tr>
<tr class="tag-test-status" status="fail">
<td><span class="badge log fail-bg">Fail</span></td>
<td>20:12:49 pm</td>
<td>
<a href="#" class="linked" test-id='3' id='3'>onTestStart triggered for: tc_002_verifyAddUserWithOptionalFields</a>
</td>
</tr>
</tbody>
</table>
</div>
</li>
</ul>
</div>
</div>
<div class="test-content scrollable">
<div class="test-content-detail">
<div class="detail-body"></div>
</div>
</div>
</div><div class="container-fluid p-4 view dashboard-view">
<div class="row">
<div class="col-md-3">
<div class="card"><div class="card-body">
<p class="m-b-0">Started</p>
<h3>Dec 26, 2024 08:12:30 pm</h3>
</div></div>
</div>
<div class="col-md-3">
<div class="card"><div class="card-body">
<p class="m-b-0">Ended</p>
<h3>Dec 26, 2024 08:13:03 pm</h3>
</div></div>
</div>
<div class="col-md-3">
<div class="card"><div class="card-body">
<p class="m-b-0 text-pass">Tests Passed</p>
<h3>1</h3>
</div></div>
</div>
<div class="col-md-3">
<div class="card"><div class="card-body">
<p class="m-b-0 text-fail">Tests Failed</p>
<h3>7</h3>
</div></div>
</div>
</div>
<div class="row">
<div class="col-md-6">
<div class="card">
<div class="card-header">
<h6 class="card-title">Tests</h6>
</div>
<div class="card-body">
<div class="">
<canvas id='parent-analysis' width='115' height='90'></canvas>
</div>
</div>
<div class="card-footer">
<div><small data-tooltip='12%'>
<b>1</b> tests passed
</small>
</div>
<div>
<small data-tooltip='87%'><b>7</b> tests failed,
<b>0</b> skipped, <b data-tooltip='0%'>0</b> others
</small>
</div>
</div>
</div>
</div>
<div class="col-md-6">
<div class="card">
<div class="card-header">
<h6 class="card-title">Log events</h6>
</div>
<div class="card-body">
<div class="">
<canvas id='events-analysis' width='115' height='90'></canvas>
</div>
</div>
<div class="card-footer">
<div><small data-tooltip='12%'><b>1</b> events passed</small></div>
<div>
<small data-tooltip='87%'><b>7</b> events failed,
<b data-tooltip='%'>0</b> others
</small>
</div>
</div>
</div>
</div>
</div>
<div class="row"><div class="col-md-12">
<div class="card"><div class="card-header"><p>Timeline</p></div>
<div class="card-body pt-0"><div>
<canvas id="timeline" height="120"></canvas>
</div></div>
</div>
</div></div>
<script>
var timeline = {
"onTestStart triggered for: tc_003_login":1.893,"onTestStart triggered for: tc_002_verifyAddUserWithOptionalFields":7.11,"onTestStart triggered for: tc_002_verifyAddUserWithOptionalFields":6.878,"onTestStart triggered for: tc_002_verifyAddUserWithOptionalFields":2.081,"onTestStart triggered for: tc_002_verifyAddUserWithOptionalFields":1.212,"onTestStart triggered for: tc_002_verifyAddUserWithOptionalFields":1.255,"onTestStart triggered for: tc_002_verifyAddUserWithOptionalFields":1.222,"onTestStart triggered for: tc_002_verifyAddUserWithOptionalFields":1.245
};
</script>
<div class="row">
</div>
</div>
<script>
var statusGroup = {
parentCount: 5,
passParent: 1,
failParent: 7,
warningParent: 0,
skipParent: 0,
childCount: 5,
passChild: 0,
failChild: 0,
warningChild: 0,
skipChild: 0,
infoChild: 0,
grandChildCount: 5,
passGrandChild: 0,
failGrandChild: 0,
warningGrandChild: 0,
skipGrandChild: 0,
infoGrandChild: 0,
eventsCount: 5,
passEvents: 1,
failEvents: 7,
warningEvents: 0,
skipEvents: 0,
infoEvents: 0
};
</script>        </div>
      </div>
    </div>
  </div>
<script src="https://cdn.jsdelivr.net/gh/extent-framework/extent-github-cdn@d6562a79075e061305ccfdb82f01e5e195e2d307/spark/js/spark-script.js"></script>
<script type="text/javascript"></script></body>
</html>