<?xml version="1.0" encoding="UTF-8"?>
<!-- Generated by org.testng.reporters.JUnitXMLReporter -->
<testsuite ignored="4" hostname="INDLPTC722KS3x" failures="1" tests="3" name="Login and Add New Role" time="11.381" errors="0" timestamp="2025-01-15T13:22:42 IST">
  <testcase classname="everailabs.EverAIDashboard.LoginValidation" name="tc_003_login" time="2.146"/>
  <testcase classname="everailabs.EverAIDashboard.UserManagementRoleTest" name="tc_001_verifyAddRoleFormElements" time="0.667"/>
  <testcase classname="everailabs.EverAIDashboard.UserManagementRoleTest" name="tc_002_verifyAddNewRole" time="1.606">
    <failure type="org.openqa.selenium.StaleElementReferenceException" message="stale element reference: stale element not found in the current frame
  (Session info: chrome=131.0.6778.265)
For documentation on this error, please visit: https://www.selenium.dev/documentation/webdriver/troubleshooting/errors#stale-element-reference-exception
Build info: version: &amp;apos;4.27.0&amp;apos;, revision: &amp;apos;d6e718d134&amp;apos;
System info: os.name: &amp;apos;Windows 11&amp;apos;, os.arch: &amp;apos;amd64&amp;apos;, os.version: &amp;apos;10.0&amp;apos;, java.version: &amp;apos;21.0.5&amp;apos;
Driver info: org.openqa.selenium.chrome.ChromeDriver
Command: [af5c176d84cffe314df37da54903c20a, clickElement {id=f.6000D9744931DABA612BF0464A4520E4.d.6D26EE50FBFC2C5DB6EED3E70471BDC0.e.68}]
Capabilities {acceptInsecureCerts: false, browserName: chrome, browserVersion: 131.0.6778.265, chrome: {chromedriverVersion: 131.0.6778.264 (2d05e315153..., userDataDir: C:\Users\SAGARW~1\AppData\L...}, fedcm:accounts: true, goog:chromeOptions: {debuggerAddress: localhost:62563}, networkConnectionEnabled: false, pageLoadStrategy: normal, platformName: windows, proxy: Proxy(), se:cdp: ws://localhost:62563/devtoo..., se:cdpVersion: 131.0.6778.265, setWindowRect: true, strictFileInteractability: false, timeouts: {implicit: 0, pageLoad: 300000, script: 30000}, unhandledPromptBehavior: dismiss and notify, webauthn:extension:credBlob: true, webauthn:extension:largeBlob: true, webauthn:extension:minPinLength: true, webauthn:extension:prf: true, webauthn:virtualAuthenticators: true}
Element: [[ChromeDriver: chrome on windows (af5c176d84cffe314df37da54903c20a)] -&amp;gt; xpath: //ul[contains(@class,&amp;apos;css-ubifyk&amp;apos;)]/li]
Session ID: af5c176d84cffe314df37da54903c20a">
      <![CDATA[org.openqa.selenium.StaleElementReferenceException: stale element reference: stale element not found in the current frame
  (Session info: chrome=131.0.6778.265)
For documentation on this error, please visit: https://www.selenium.dev/documentation/webdriver/troubleshooting/errors#stale-element-reference-exception
Build info: version: '4.27.0', revision: 'd6e718d134'
System info: os.name: 'Windows 11', os.arch: 'amd64', os.version: '10.0', java.version: '21.0.5'
Driver info: org.openqa.selenium.chrome.ChromeDriver
Command: [af5c176d84cffe314df37da54903c20a, clickElement {id=f.6000D9744931DABA612BF0464A4520E4.d.6D26EE50FBFC2C5DB6EED3E70471BDC0.e.68}]
Capabilities {acceptInsecureCerts: false, browserName: chrome, browserVersion: 131.0.6778.265, chrome: {chromedriverVersion: 131.0.6778.264 (2d05e315153..., userDataDir: C:\Users\SAGARW~1\AppData\L...}, fedcm:accounts: true, goog:chromeOptions: {debuggerAddress: localhost:62563}, networkConnectionEnabled: false, pageLoadStrategy: normal, platformName: windows, proxy: Proxy(), se:cdp: ws://localhost:62563/devtoo..., se:cdpVersion: 131.0.6778.265, setWindowRect: true, strictFileInteractability: false, timeouts: {implicit: 0, pageLoad: 300000, script: 30000}, unhandledPromptBehavior: dismiss and notify, webauthn:extension:credBlob: true, webauthn:extension:largeBlob: true, webauthn:extension:minPinLength: true, webauthn:extension:prf: true, webauthn:virtualAuthenticators: true}
Element: [[ChromeDriver: chrome on windows (af5c176d84cffe314df37da54903c20a)] -> xpath: //ul[contains(@class,'css-ubifyk')]/li]
Session ID: af5c176d84cffe314df37da54903c20a
at org.openqa.selenium.remote.ErrorCodec.decode(ErrorCodec.java:167)
at org.openqa.selenium.remote.codec.w3c.W3CHttpResponseCodec.decode(W3CHttpResponseCodec.java:138)
at org.openqa.selenium.remote.codec.w3c.W3CHttpResponseCodec.decode(W3CHttpResponseCodec.java:50)
at org.openqa.selenium.remote.HttpCommandExecutor.execute(HttpCommandExecutor.java:190)
at org.openqa.selenium.remote.service.DriverCommandExecutor.invokeExecute(DriverCommandExecutor.java:216)
at org.openqa.selenium.remote.service.DriverCommandExecutor.execute(DriverCommandExecutor.java:174)
at org.openqa.selenium.remote.RemoteWebDriver.execute(RemoteWebDriver.java:545)
at org.openqa.selenium.remote.RemoteWebElement.execute(RemoteWebElement.java:223)
at org.openqa.selenium.remote.RemoteWebElement.click(RemoteWebElement.java:76)
at everailabs.Locators.UM_RolesLocators.addNewRole(UM_RolesLocators.java:93)
at everailabs.EverAIDashboard.UserManagementRoleTest.tc_002_verifyAddNewRole(UserManagementRoleTest.java:28)
at java.base/java.util.ArrayList.forEach(ArrayList.java:1596)
... Removed 28 stack frames]]>
    </failure>
  </testcase> <!-- tc_002_verifyAddNewRole -->
  <testcase classname="everailabs.EverAIDashboard.LoginValidation" name="tc_001_VerifyLoginPageElements" time="0.0">
    <ignored/>
  </testcase> <!-- tc_001_VerifyLoginPageElements -->
  <testcase classname="everailabs.ReferenceClasses.BasicInitialization" name="@AfterSuite closeBrowser" time="0.0">
    <ignored/>
  </testcase> <!-- @AfterSuite closeBrowser -->
  <testcase classname="everailabs.EverAIDashboard.LoginValidation" name="tc_002_verifyloginWithValidCreds" time="0.0">
    <ignored/>
  </testcase> <!-- tc_002_verifyloginWithValidCreds -->
  <testcase classname="everailabs.EverAIDashboard.UserManagementRoleTest" name="tc_003_ErroronExistingRole" time="0.0">
    <ignored/>
  </testcase> <!-- tc_003_ErroronExistingRole -->
</testsuite> <!-- Login and Add New Role -->
