<!DOCTYPE html>

<html>
  <head>
  <meta charset='utf-8'>
  <title>TestNG reports</title>

    <link type="text/css" href="testng-reports1.css" rel="stylesheet" id="ultra" />
    <link type="text/css" href="testng-reports.css" rel="stylesheet" id="retro" disabled="false"/>
    <script type="text/javascript" src="jquery-3.6.0.min.js"></script>
    <script type="text/javascript" src="testng-reports.js"></script>
    <script type="text/javascript" src="https://www.google.com/jsapi"></script>
    <script type='text/javascript'>
      google.load('visualization', '1', {packages:['table']});
      google.setOnLoadCallback(drawTable);
      var suiteTableInitFunctions = new Array();
      var suiteTableData = new Array();
    </script>
    <!--
      <script type="text/javascript" src="jquery-ui/js/jquery-ui-1.8.16.custom.min.js"></script>
     -->
  </head>

  <body>    <div class="top-banner-root">
      <span class="top-banner-title-font">Test results</span>
      <button id="button" class="button">Switch Retro Theme</button> <!-- button -->
      <br/>
      <span class="top-banner-font-1">1 suite, 7 failed tests</span>
    </div> <!-- top-banner-root -->
    <div class="navigator-root">
      <div class="navigator-suite-header">
        <span>All suites</span>
        <a href="#" title="Collapse/expand all the suites" class="collapse-all-link">
          <img src="collapseall.gif" class="collapse-all-icon">
          </img> <!-- collapse-all-icon -->
        </a> <!-- collapse-all-link -->
      </div> <!-- navigator-suite-header -->
      <div class="suite">
        <div class="rounded-window">
          <div class="suite-header light-rounded-window-top">
            <a href="#" panel-name="suite-Suite" class="navigator-link">
              <span class="suite-name border-failed">Suite</span>
            </a> <!-- navigator-link -->
          </div> <!-- suite-header light-rounded-window-top -->
          <div class="navigator-suite-content">
            <div class="suite-section-title">
              <span>Info</span>
            </div> <!-- suite-section-title -->
            <div class="suite-section-content">
              <ul>
                <li>
                  <a href="#" panel-name="test-xml-Suite" class="navigator-link ">
                    <span>C:\Users\Saket\eclipse-java-2024-06-R-win32-x86_64\workspace\EverAIDashboard\TestNGSuite\adduser.xml</span>
                  </a> <!-- navigator-link  -->
                </li>
                <li>
                  <a href="#" panel-name="testlist-Suite" class="navigator-link ">
                    <span class="test-stats">1 test</span>
                  </a> <!-- navigator-link  -->
                </li>
                <li>
                  <a href="#" panel-name="group-Suite" class="navigator-link ">
                    <span>0 groups</span>
                  </a> <!-- navigator-link  -->
                </li>
                <li>
                  <a href="#" panel-name="times-Suite" class="navigator-link ">
                    <span>Times</span>
                  </a> <!-- navigator-link  -->
                </li>
                <li>
                  <a href="#" panel-name="reporter-Suite" class="navigator-link ">
                    <span>Reporter output</span>
                  </a> <!-- navigator-link  -->
                </li>
                <li>
                  <a href="#" panel-name="ignored-methods-Suite" class="navigator-link ">
                    <span>Ignored methods</span>
                  </a> <!-- navigator-link  -->
                </li>
                <li>
                  <a href="#" panel-name="chronological-Suite" class="navigator-link ">
                    <span>Chronological view</span>
                  </a> <!-- navigator-link  -->
                </li>
              </ul>
            </div> <!-- suite-section-content -->
            <div class="result-section">
              <div class="suite-section-title">
                <span>Results</span>
              </div> <!-- suite-section-title -->
              <div class="suite-section-content">
                <ul>
                  <li>
                    <span class="method-stats">8 methods, 7 failed,   1 passed</span>
                  </li>
                  <li>
                    <span class="method-list-title failed">Failed methods</span>
                    <span class="show-or-hide-methods failed">
                      <a href="#" panel-name="suite-Suite" class="hide-methods failed suite-Suite"> (hide)</a> <!-- hide-methods failed suite-Suite -->
                      <a href="#" panel-name="suite-Suite" class="show-methods failed suite-Suite"> (show)</a> <!-- show-methods failed suite-Suite -->
                    </span>
                    <div class="method-list-content failed suite-Suite">
                      <span>
                        <img src="failed.png" width="3%"/>
                        <a href="#" panel-name="suite-Suite" title="everailabs.EverAIDashboard.UserManagementTest" class="method navigator-link" hash-for-method="tc_002_verifyAddUserWithOptionalFields({date=null, division=null, internalID=INT_456, firstname=Jane, classID=CLS-002, externalID=EXT#789, ...)">tc_002_verifyAddUserWithOptionalFields({date=null, division=null, internalID=INT_456, firstname=Jane, classID=CLS-002, externalID=EXT#789, ...)</a> <!-- method navigator-link -->
                      </span>
                      <br/>
                      <span>
                        <img src="failed.png" width="3%"/>
                        <a href="#" panel-name="suite-Suite" title="everailabs.EverAIDashboard.UserManagementTest" class="method navigator-link" hash-for-method="tc_002_verifyAddUserWithOptionalFields({date=null, division=null, internalID=, firstname=Emily, classID=CLS-004, externalID=EXT#456, email=...)">tc_002_verifyAddUserWithOptionalFields({date=null, division=null, internalID=, firstname=Emily, classID=CLS-004, externalID=EXT#456, email=...)</a> <!-- method navigator-link -->
                      </span>
                      <br/>
                      <span>
                        <img src="failed.png" width="3%"/>
                        <a href="#" panel-name="suite-Suite" title="everailabs.EverAIDashboard.UserManagementTest" class="method navigator-link" hash-for-method="tc_002_verifyAddUserWithOptionalFields({date=null, division=null, internalID=INT-123, firstname=Alice, classID=CLS_001, externalID=EXT#567,...)">tc_002_verifyAddUserWithOptionalFields({date=null, division=null, internalID=INT-123, firstname=Alice, classID=CLS_001, externalID=EXT#567,...)</a> <!-- method navigator-link -->
                      </span>
                      <br/>
                      <span>
                        <img src="failed.png" width="3%"/>
                        <a href="#" panel-name="suite-Suite" title="everailabs.EverAIDashboard.UserManagementTest" class="method navigator-link" hash-for-method="tc_002_verifyAddUserWithOptionalFields({date=null, division=null, internalID=INT-123, firstname=Bob, classID=CLS_010, externalID=EXT#890, e...)">tc_002_verifyAddUserWithOptionalFields({date=null, division=null, internalID=INT-123, firstname=Bob, classID=CLS_010, externalID=EXT#890, e...)</a> <!-- method navigator-link -->
                      </span>
                      <br/>
                      <span>
                        <img src="failed.png" width="3%"/>
                        <a href="#" panel-name="suite-Suite" title="everailabs.EverAIDashboard.UserManagementTest" class="method navigator-link" hash-for-method="tc_002_verifyAddUserWithOptionalFields({date=null, division=null, internalID=INT-567, firstname=William, classID=CLS-006, externalID=, emai...)">tc_002_verifyAddUserWithOptionalFields({date=null, division=null, internalID=INT-567, firstname=William, classID=CLS-006, externalID=, emai...)</a> <!-- method navigator-link -->
                      </span>
                      <br/>
                      <span>
                        <img src="failed.png" width="3%"/>
                        <a href="#" panel-name="suite-Suite" title="everailabs.EverAIDashboard.UserManagementTest" class="method navigator-link" hash-for-method="tc_002_verifyAddUserWithOptionalFields({date=null, division=null, internalID=INT-789, firstname=Michael, classID=, externalID=EXT#123, emai...)">tc_002_verifyAddUserWithOptionalFields({date=null, division=null, internalID=INT-789, firstname=Michael, classID=, externalID=EXT#123, emai...)</a> <!-- method navigator-link -->
                      </span>
                      <br/>
                      <span>
                        <img src="failed.png" width="3%"/>
                        <a href="#" panel-name="suite-Suite" title="everailabs.EverAIDashboard.UserManagementTest" class="method navigator-link" hash-for-method="tc_002_verifyAddUserWithOptionalFields({date=null, division=null, internalID=INT-123, firstname=Charlie, classID=CLS_010, externalID=EXT#89...)">tc_002_verifyAddUserWithOptionalFields({date=null, division=null, internalID=INT-123, firstname=Charlie, classID=CLS_010, externalID=EXT#89...)</a> <!-- method navigator-link -->
                      </span>
                      <br/>
                    </div> <!-- method-list-content failed suite-Suite -->
                  </li>
                  <li>
                    <span class="method-list-title passed">Passed methods</span>
                    <span class="show-or-hide-methods passed">
                      <a href="#" panel-name="suite-Suite" class="hide-methods passed suite-Suite"> (hide)</a> <!-- hide-methods passed suite-Suite -->
                      <a href="#" panel-name="suite-Suite" class="show-methods passed suite-Suite"> (show)</a> <!-- show-methods passed suite-Suite -->
                    </span>
                    <div class="method-list-content passed suite-Suite">
                      <span>
                        <img src="passed.png" width="3%"/>
                        <a href="#" panel-name="suite-Suite" title="everailabs.EverAIDashboard.LoginValidation" class="method navigator-link" hash-for-method="tc_003_login({password=admin@123, useremail=maneeshsingh1@weareverise.com, username=Maneesh Singh})">tc_003_login({password=admin@123, useremail=maneeshsingh1@weareverise.com, username=Maneesh Singh})</a> <!-- method navigator-link -->
                      </span>
                      <br/>
                    </div> <!-- method-list-content passed suite-Suite -->
                  </li>
                </ul>
              </div> <!-- suite-section-content -->
            </div> <!-- result-section -->
          </div> <!-- navigator-suite-content -->
        </div> <!-- rounded-window -->
      </div> <!-- suite -->
    </div> <!-- navigator-root -->
    <div class="wrapper">
      <div class="main-panel-root">
        <div panel-name="suite-Suite" class="panel Suite">
          <div class="suite-Suite-class-failed">
            <div class="main-panel-header rounded-window-top">
              <img src="failed.png"/>
              <span class="class-name">everailabs.EverAIDashboard.UserManagementTest</span>
            </div> <!-- main-panel-header rounded-window-top -->
            <div class="main-panel-content rounded-window-bottom">
              <div class="method">
                <div class="method-content">
                  <a name="tc_002_verifyAddUserWithOptionalFields({date=null, division=null, internalID=INT_456, firstname=Jane, classID=CLS-002, externalID=EXT#789, ...)">
                  </a> <!-- tc_002_verifyAddUserWithOptionalFields({date=null, division=null, internalID=INT_456, firstname=Jane, classID=CLS-002, externalID=EXT#789, ...) -->
                  <span class="method-name">tc_002_verifyAddUserWithOptionalFields</span>
                  <span class="parameters">({date=null, division=null, internalID=INT_456, firstname=Jane, classID=CLS-002, externalID=EXT#789, email=jane.smith34@example.com, lastname=Smith, contactno=})</span>
                  <div class="stack-trace">java.lang.AssertionError: The final message does not match the expected message. expected [New User Added &apos;Jane Smith&apos;] but found [User Created!]
	at everailabs.EverAIDashboard.UserManagementTest.tc_002_verifyAddUserWithOptionalFields(UserManagementTest.java:29)
	at java.base/java.util.ArrayList.forEach(ArrayList.java:1596)
... Removed 30 stack frames
</div> <!-- stack-trace -->
                </div> <!-- method-content -->
              </div> <!-- method -->
              <div class="method">
                <div class="method-content">
                  <a name="tc_002_verifyAddUserWithOptionalFields({date=null, division=null, internalID=, firstname=Emily, classID=CLS-004, externalID=EXT#456, email=...)">
                  </a> <!-- tc_002_verifyAddUserWithOptionalFields({date=null, division=null, internalID=, firstname=Emily, classID=CLS-004, externalID=EXT#456, email=...) -->
                  <span class="method-name">tc_002_verifyAddUserWithOptionalFields</span>
                  <span class="parameters">({date=null, division=null, internalID=, firstname=Emily, classID=CLS-004, externalID=EXT#456, email=emily.davis76@example.com, lastname=Davis, contactno=64738226272})</span>
                  <div class="stack-trace">org.openqa.selenium.ElementClickInterceptedException: element click intercepted: Element &lt;button class=&quot;MuiButtonBase-root MuiButton-root MuiButton-text MuiButton-textPrimary MuiButton-sizeMedium MuiButton-textSizeMedium MuiButton-colorPrimary MuiButton-fullWidth MuiButton-root MuiButton-text MuiButton-textPrimary MuiButton-sizeMedium MuiButton-textSizeMedium MuiButton-colorPrimary MuiButton-fullWidth css-u5mm73&quot; tabindex=&quot;0&quot; type=&quot;button&quot;&gt;...&lt;/button&gt; is not clickable at point (1441, 141). Other element would receive the click: &lt;div aria-hidden=&quot;true&quot; class=&quot;MuiBackdrop-root MuiBackdrop-invisible MuiModal-backdrop css-1lbe2ow&quot; style=&quot;opacity: 1; transition: opacity 225ms cubic-bezier(0.4, 0, 0.2, 1);&quot;&gt;&lt;/div&gt;
  (Session info: chrome=131.0.6778.205)
Build info: version: &apos;4.27.0&apos;, revision: &apos;d6e718d134&apos;
System info: os.name: &apos;Windows 10&apos;, os.arch: &apos;amd64&apos;, os.version: &apos;10.0&apos;, java.version: &apos;21.0.4&apos;
Driver info: org.openqa.selenium.chrome.ChromeDriver
Command: [1341e41a54b3c22fc39da73af8d36a88, clickElement {id=f.4390564EC46FFBF2F8D3C4BF4D640A82.d.C8A172A9EA8B8FA80C4B09C87DB9201A.e.24}]
Capabilities {acceptInsecureCerts: false, browserName: chrome, browserVersion: 131.0.6778.205, chrome: {chromedriverVersion: 131.0.6778.204 (52183f9e99a..., userDataDir: C:\Users\Saket\AppData\Loca...}, fedcm:accounts: true, goog:chromeOptions: {debuggerAddress: localhost:55491}, networkConnectionEnabled: false, pageLoadStrategy: normal, platformName: windows, proxy: Proxy(), se:cdp: ws://localhost:55491/devtoo..., se:cdpVersion: 131.0.6778.205, setWindowRect: true, strictFileInteractability: false, timeouts: {implicit: 0, pageLoad: 300000, script: 30000}, unhandledPromptBehavior: dismiss and notify, webauthn:extension:credBlob: true, webauthn:extension:largeBlob: true, webauthn:extension:minPinLength: true, webauthn:extension:prf: true, webauthn:virtualAuthenticators: true}
Element: [[ChromeDriver: chrome on windows (1341e41a54b3c22fc39da73af8d36a88)] -&gt; xpath: //div[@class=&apos;MuiStack-root css-1yls19f&apos;]/div/div/button]
Session ID: 1341e41a54b3c22fc39da73af8d36a88
	at org.openqa.selenium.remote.ErrorCodec.decode(ErrorCodec.java:167)
	at org.openqa.selenium.remote.codec.w3c.W3CHttpResponseCodec.decode(W3CHttpResponseCodec.java:138)
	at org.openqa.selenium.remote.codec.w3c.W3CHttpResponseCodec.decode(W3CHttpResponseCodec.java:50)
	at org.openqa.selenium.remote.HttpCommandExecutor.execute(HttpCommandExecutor.java:190)
	at org.openqa.selenium.remote.service.DriverCommandExecutor.invokeExecute(DriverCommandExecutor.java:216)
	at org.openqa.selenium.remote.service.DriverCommandExecutor.execute(DriverCommandExecutor.java:174)
	at org.openqa.selenium.remote.RemoteWebDriver.execute(RemoteWebDriver.java:545)
	at org.openqa.selenium.remote.RemoteWebElement.execute(RemoteWebElement.java:223)
	at org.openqa.selenium.remote.RemoteWebElement.click(RemoteWebElement.java:76)
	at org.openqa.selenium.support.pagefactory.internal.LocatingElementHandler.invoke(LocatingElementHandler.java:51)
	at jdk.proxy2/jdk.proxy2.$Proxy16.click(Unknown Source)
	at everailabs.Locators.UM_UsersPageLocators.addUserWithOptionalFields(UM_UsersPageLocators.java:208)
	at everailabs.EverAIDashboard.UserManagementTest.tc_002_verifyAddUserWithOptionalFields(UserManagementTest.java:28)
	at java.base/java.util.ArrayList.forEach(ArrayList.java:1596)
... Removed 30 stack frames
</div> <!-- stack-trace -->
                </div> <!-- method-content -->
              </div> <!-- method -->
              <div class="method">
                <div class="method-content">
                  <a name="tc_002_verifyAddUserWithOptionalFields({date=null, division=null, internalID=INT-123, firstname=Alice, classID=CLS_001, externalID=EXT#567,...)">
                  </a> <!-- tc_002_verifyAddUserWithOptionalFields({date=null, division=null, internalID=INT-123, firstname=Alice, classID=CLS_001, externalID=EXT#567,...) -->
                  <span class="method-name">tc_002_verifyAddUserWithOptionalFields</span>
                  <span class="parameters">({date=null, division=null, internalID=INT-123, firstname=Alice, classID=CLS_001, externalID=EXT#567, email=alice.johnson@example.com, lastname=Johnson, contactno=9876543210})</span>
                  <div class="stack-trace">java.lang.AssertionError: The final message does not match the expected message. expected [New User Added &apos;Alice Johnson&apos;] but found [User Created!]
	at everailabs.EverAIDashboard.UserManagementTest.tc_002_verifyAddUserWithOptionalFields(UserManagementTest.java:29)
	at java.base/java.util.ArrayList.forEach(ArrayList.java:1596)
... Removed 30 stack frames
</div> <!-- stack-trace -->
                </div> <!-- method-content -->
              </div> <!-- method -->
              <div class="method">
                <div class="method-content">
                  <a name="tc_002_verifyAddUserWithOptionalFields({date=null, division=null, internalID=INT-123, firstname=Bob, classID=CLS_010, externalID=EXT#890, e...)">
                  </a> <!-- tc_002_verifyAddUserWithOptionalFields({date=null, division=null, internalID=INT-123, firstname=Bob, classID=CLS_010, externalID=EXT#890, e...) -->
                  <span class="method-name">tc_002_verifyAddUserWithOptionalFields</span>
                  <span class="parameters">({date=null, division=null, internalID=INT-123, firstname=Bob, classID=CLS_010, externalID=EXT#890, email=bob.williams@example.com, lastname=Williams, contactno=9876545678})</span>
                  <div class="stack-trace">org.openqa.selenium.ElementClickInterceptedException: element click intercepted: Element &lt;button class=&quot;MuiButtonBase-root MuiButton-root MuiButton-text MuiButton-textPrimary MuiButton-sizeMedium MuiButton-textSizeMedium MuiButton-colorPrimary MuiButton-fullWidth MuiButton-root MuiButton-text MuiButton-textPrimary MuiButton-sizeMedium MuiButton-textSizeMedium MuiButton-colorPrimary MuiButton-fullWidth css-u5mm73&quot; tabindex=&quot;0&quot; type=&quot;button&quot;&gt;...&lt;/button&gt; is not clickable at point (1441, 141). Other element would receive the click: &lt;div aria-hidden=&quot;true&quot; class=&quot;MuiBackdrop-root MuiBackdrop-invisible MuiModal-backdrop css-1lbe2ow&quot; style=&quot;opacity: 1; transition: opacity 225ms cubic-bezier(0.4, 0, 0.2, 1);&quot;&gt;&lt;/div&gt;
  (Session info: chrome=131.0.6778.205)
Build info: version: &apos;4.27.0&apos;, revision: &apos;d6e718d134&apos;
System info: os.name: &apos;Windows 10&apos;, os.arch: &apos;amd64&apos;, os.version: &apos;10.0&apos;, java.version: &apos;21.0.4&apos;
Driver info: org.openqa.selenium.chrome.ChromeDriver
Command: [1341e41a54b3c22fc39da73af8d36a88, clickElement {id=f.4390564EC46FFBF2F8D3C4BF4D640A82.d.C8A172A9EA8B8FA80C4B09C87DB9201A.e.24}]
Capabilities {acceptInsecureCerts: false, browserName: chrome, browserVersion: 131.0.6778.205, chrome: {chromedriverVersion: 131.0.6778.204 (52183f9e99a..., userDataDir: C:\Users\Saket\AppData\Loca...}, fedcm:accounts: true, goog:chromeOptions: {debuggerAddress: localhost:55491}, networkConnectionEnabled: false, pageLoadStrategy: normal, platformName: windows, proxy: Proxy(), se:cdp: ws://localhost:55491/devtoo..., se:cdpVersion: 131.0.6778.205, setWindowRect: true, strictFileInteractability: false, timeouts: {implicit: 0, pageLoad: 300000, script: 30000}, unhandledPromptBehavior: dismiss and notify, webauthn:extension:credBlob: true, webauthn:extension:largeBlob: true, webauthn:extension:minPinLength: true, webauthn:extension:prf: true, webauthn:virtualAuthenticators: true}
Element: [[ChromeDriver: chrome on windows (1341e41a54b3c22fc39da73af8d36a88)] -&gt; xpath: //div[@class=&apos;MuiStack-root css-1yls19f&apos;]/div/div/button]
Session ID: 1341e41a54b3c22fc39da73af8d36a88
	at org.openqa.selenium.remote.ErrorCodec.decode(ErrorCodec.java:167)
	at org.openqa.selenium.remote.codec.w3c.W3CHttpResponseCodec.decode(W3CHttpResponseCodec.java:138)
	at org.openqa.selenium.remote.codec.w3c.W3CHttpResponseCodec.decode(W3CHttpResponseCodec.java:50)
	at org.openqa.selenium.remote.HttpCommandExecutor.execute(HttpCommandExecutor.java:190)
	at org.openqa.selenium.remote.service.DriverCommandExecutor.invokeExecute(DriverCommandExecutor.java:216)
	at org.openqa.selenium.remote.service.DriverCommandExecutor.execute(DriverCommandExecutor.java:174)
	at org.openqa.selenium.remote.RemoteWebDriver.execute(RemoteWebDriver.java:545)
	at org.openqa.selenium.remote.RemoteWebElement.execute(RemoteWebElement.java:223)
	at org.openqa.selenium.remote.RemoteWebElement.click(RemoteWebElement.java:76)
	at org.openqa.selenium.support.pagefactory.internal.LocatingElementHandler.invoke(LocatingElementHandler.java:51)
	at jdk.proxy2/jdk.proxy2.$Proxy16.click(Unknown Source)
	at everailabs.Locators.UM_UsersPageLocators.addUserWithOptionalFields(UM_UsersPageLocators.java:208)
	at everailabs.EverAIDashboard.UserManagementTest.tc_002_verifyAddUserWithOptionalFields(UserManagementTest.java:28)
	at java.base/java.util.ArrayList.forEach(ArrayList.java:1596)
... Removed 30 stack frames
</div> <!-- stack-trace -->
                </div> <!-- method-content -->
              </div> <!-- method -->
              <div class="method">
                <div class="method-content">
                  <a name="tc_002_verifyAddUserWithOptionalFields({date=null, division=null, internalID=INT-567, firstname=William, classID=CLS-006, externalID=, emai...)">
                  </a> <!-- tc_002_verifyAddUserWithOptionalFields({date=null, division=null, internalID=INT-567, firstname=William, classID=CLS-006, externalID=, emai...) -->
                  <span class="method-name">tc_002_verifyAddUserWithOptionalFields</span>
                  <span class="parameters">({date=null, division=null, internalID=INT-567, firstname=William, classID=CLS-006, externalID=, email=william.brown23@example.com, lastname=Brown, contactno=9865432109})</span>
                  <div class="stack-trace">org.openqa.selenium.ElementClickInterceptedException: element click intercepted: Element &lt;button class=&quot;MuiButtonBase-root MuiButton-root MuiButton-text MuiButton-textPrimary MuiButton-sizeMedium MuiButton-textSizeMedium MuiButton-colorPrimary MuiButton-fullWidth MuiButton-root MuiButton-text MuiButton-textPrimary MuiButton-sizeMedium MuiButton-textSizeMedium MuiButton-colorPrimary MuiButton-fullWidth css-u5mm73&quot; tabindex=&quot;0&quot; type=&quot;button&quot;&gt;...&lt;/button&gt; is not clickable at point (1441, 141). Other element would receive the click: &lt;div aria-hidden=&quot;true&quot; class=&quot;MuiBackdrop-root MuiBackdrop-invisible MuiModal-backdrop css-1lbe2ow&quot; style=&quot;opacity: 1; transition: opacity 225ms cubic-bezier(0.4, 0, 0.2, 1);&quot;&gt;&lt;/div&gt;
  (Session info: chrome=131.0.6778.205)
Build info: version: &apos;4.27.0&apos;, revision: &apos;d6e718d134&apos;
System info: os.name: &apos;Windows 10&apos;, os.arch: &apos;amd64&apos;, os.version: &apos;10.0&apos;, java.version: &apos;21.0.4&apos;
Driver info: org.openqa.selenium.chrome.ChromeDriver
Command: [1341e41a54b3c22fc39da73af8d36a88, clickElement {id=f.4390564EC46FFBF2F8D3C4BF4D640A82.d.C8A172A9EA8B8FA80C4B09C87DB9201A.e.24}]
Capabilities {acceptInsecureCerts: false, browserName: chrome, browserVersion: 131.0.6778.205, chrome: {chromedriverVersion: 131.0.6778.204 (52183f9e99a..., userDataDir: C:\Users\Saket\AppData\Loca...}, fedcm:accounts: true, goog:chromeOptions: {debuggerAddress: localhost:55491}, networkConnectionEnabled: false, pageLoadStrategy: normal, platformName: windows, proxy: Proxy(), se:cdp: ws://localhost:55491/devtoo..., se:cdpVersion: 131.0.6778.205, setWindowRect: true, strictFileInteractability: false, timeouts: {implicit: 0, pageLoad: 300000, script: 30000}, unhandledPromptBehavior: dismiss and notify, webauthn:extension:credBlob: true, webauthn:extension:largeBlob: true, webauthn:extension:minPinLength: true, webauthn:extension:prf: true, webauthn:virtualAuthenticators: true}
Element: [[ChromeDriver: chrome on windows (1341e41a54b3c22fc39da73af8d36a88)] -&gt; xpath: //div[@class=&apos;MuiStack-root css-1yls19f&apos;]/div/div/button]
Session ID: 1341e41a54b3c22fc39da73af8d36a88
	at org.openqa.selenium.remote.ErrorCodec.decode(ErrorCodec.java:167)
	at org.openqa.selenium.remote.codec.w3c.W3CHttpResponseCodec.decode(W3CHttpResponseCodec.java:138)
	at org.openqa.selenium.remote.codec.w3c.W3CHttpResponseCodec.decode(W3CHttpResponseCodec.java:50)
	at org.openqa.selenium.remote.HttpCommandExecutor.execute(HttpCommandExecutor.java:190)
	at org.openqa.selenium.remote.service.DriverCommandExecutor.invokeExecute(DriverCommandExecutor.java:216)
	at org.openqa.selenium.remote.service.DriverCommandExecutor.execute(DriverCommandExecutor.java:174)
	at org.openqa.selenium.remote.RemoteWebDriver.execute(RemoteWebDriver.java:545)
	at org.openqa.selenium.remote.RemoteWebElement.execute(RemoteWebElement.java:223)
	at org.openqa.selenium.remote.RemoteWebElement.click(RemoteWebElement.java:76)
	at org.openqa.selenium.support.pagefactory.internal.LocatingElementHandler.invoke(LocatingElementHandler.java:51)
	at jdk.proxy2/jdk.proxy2.$Proxy16.click(Unknown Source)
	at everailabs.Locators.UM_UsersPageLocators.addUserWithOptionalFields(UM_UsersPageLocators.java:208)
	at everailabs.EverAIDashboard.UserManagementTest.tc_002_verifyAddUserWithOptionalFields(UserManagementTest.java:28)
	at java.base/java.util.ArrayList.forEach(ArrayList.java:1596)
... Removed 30 stack frames
</div> <!-- stack-trace -->
                </div> <!-- method-content -->
              </div> <!-- method -->
              <div class="method">
                <div class="method-content">
                  <a name="tc_002_verifyAddUserWithOptionalFields({date=null, division=null, internalID=INT-789, firstname=Michael, classID=, externalID=EXT#123, emai...)">
                  </a> <!-- tc_002_verifyAddUserWithOptionalFields({date=null, division=null, internalID=INT-789, firstname=Michael, classID=, externalID=EXT#123, emai...) -->
                  <span class="method-name">tc_002_verifyAddUserWithOptionalFields</span>
                  <span class="parameters">({date=null, division=null, internalID=INT-789, firstname=Michael, classID=, externalID=EXT#123, email=michael.johnson89@example.com, lastname=Johnson, contactno=9988776655})</span>
                  <div class="stack-trace">org.openqa.selenium.ElementClickInterceptedException: element click intercepted: Element &lt;li class=&quot;MuiButtonBase-root MuiMenuItem-root MuiMenuItem-gutters MuiMenuItem-root MuiMenuItem-gutters css-2w18tj&quot; tabindex=&quot;-1&quot; role=&quot;option&quot; aria-selected=&quot;false&quot; data-value=&quot;FJ-+679&quot;&gt;...&lt;/li&gt; is not clickable at point (821, 673). Other element would receive the click: &lt;div aria-hidden=&quot;true&quot; class=&quot;MuiBackdrop-root MuiBackdrop-invisible MuiModal-backdrop css-1lbe2ow&quot; style=&quot;opacity: 1; transition: opacity 225ms cubic-bezier(0.4, 0, 0.2, 1);&quot;&gt;&lt;/div&gt;
  (Session info: chrome=131.0.6778.205)
Build info: version: &apos;4.27.0&apos;, revision: &apos;d6e718d134&apos;
System info: os.name: &apos;Windows 10&apos;, os.arch: &apos;amd64&apos;, os.version: &apos;10.0&apos;, java.version: &apos;21.0.4&apos;
Driver info: org.openqa.selenium.chrome.ChromeDriver
Command: [1341e41a54b3c22fc39da73af8d36a88, clickElement {id=f.4390564EC46FFBF2F8D3C4BF4D640A82.d.C8A172A9EA8B8FA80C4B09C87DB9201A.e.875}]
Capabilities {acceptInsecureCerts: false, browserName: chrome, browserVersion: 131.0.6778.205, chrome: {chromedriverVersion: 131.0.6778.204 (52183f9e99a..., userDataDir: C:\Users\Saket\AppData\Loca...}, fedcm:accounts: true, goog:chromeOptions: {debuggerAddress: localhost:55491}, networkConnectionEnabled: false, pageLoadStrategy: normal, platformName: windows, proxy: Proxy(), se:cdp: ws://localhost:55491/devtoo..., se:cdpVersion: 131.0.6778.205, setWindowRect: true, strictFileInteractability: false, timeouts: {implicit: 0, pageLoad: 300000, script: 30000}, unhandledPromptBehavior: dismiss and notify, webauthn:extension:credBlob: true, webauthn:extension:largeBlob: true, webauthn:extension:minPinLength: true, webauthn:extension:prf: true, webauthn:virtualAuthenticators: true}
Element: [[ChromeDriver: chrome on windows (1341e41a54b3c22fc39da73af8d36a88)] -&gt; xpath: //ul[contains(@class,&apos;css-ubifyk&apos;)]/li]
Session ID: 1341e41a54b3c22fc39da73af8d36a88
	at org.openqa.selenium.remote.ErrorCodec.decode(ErrorCodec.java:167)
	at org.openqa.selenium.remote.codec.w3c.W3CHttpResponseCodec.decode(W3CHttpResponseCodec.java:138)
	at org.openqa.selenium.remote.codec.w3c.W3CHttpResponseCodec.decode(W3CHttpResponseCodec.java:50)
	at org.openqa.selenium.remote.HttpCommandExecutor.execute(HttpCommandExecutor.java:190)
	at org.openqa.selenium.remote.service.DriverCommandExecutor.invokeExecute(DriverCommandExecutor.java:216)
	at org.openqa.selenium.remote.service.DriverCommandExecutor.execute(DriverCommandExecutor.java:174)
	at org.openqa.selenium.remote.RemoteWebDriver.execute(RemoteWebDriver.java:545)
	at org.openqa.selenium.remote.RemoteWebElement.execute(RemoteWebElement.java:223)
	at org.openqa.selenium.remote.RemoteWebElement.click(RemoteWebElement.java:76)
	at everailabs.Locators.UM_UsersPageLocators.addUserWithOptionalFields(UM_UsersPageLocators.java:218)
	at everailabs.EverAIDashboard.UserManagementTest.tc_002_verifyAddUserWithOptionalFields(UserManagementTest.java:28)
	at java.base/java.util.ArrayList.forEach(ArrayList.java:1596)
... Removed 28 stack frames
</div> <!-- stack-trace -->
                </div> <!-- method-content -->
              </div> <!-- method -->
              <div class="method">
                <div class="method-content">
                  <a name="tc_002_verifyAddUserWithOptionalFields({date=null, division=null, internalID=INT-123, firstname=Charlie, classID=CLS_010, externalID=EXT#89...)">
                  </a> <!-- tc_002_verifyAddUserWithOptionalFields({date=null, division=null, internalID=INT-123, firstname=Charlie, classID=CLS_010, externalID=EXT#89...) -->
                  <span class="method-name">tc_002_verifyAddUserWithOptionalFields</span>
                  <span class="parameters">({date=null, division=null, internalID=INT-123, firstname=Charlie, classID=CLS_010, externalID=EXT#890, email=charlie.brown@example.com, lastname=Brown, contactno=9876545678})</span>
                  <div class="stack-trace">org.openqa.selenium.ElementClickInterceptedException: element click intercepted: Element &lt;button class=&quot;MuiButtonBase-root MuiButton-root MuiButton-text MuiButton-textPrimary MuiButton-sizeMedium MuiButton-textSizeMedium MuiButton-colorPrimary MuiButton-fullWidth MuiButton-root MuiButton-text MuiButton-textPrimary MuiButton-sizeMedium MuiButton-textSizeMedium MuiButton-colorPrimary MuiButton-fullWidth css-u5mm73&quot; tabindex=&quot;0&quot; type=&quot;button&quot;&gt;...&lt;/button&gt; is not clickable at point (1441, 141). Other element would receive the click: &lt;div aria-hidden=&quot;true&quot; class=&quot;MuiBackdrop-root MuiBackdrop-invisible MuiModal-backdrop css-1lbe2ow&quot; style=&quot;opacity: 1; transition: opacity 225ms cubic-bezier(0.4, 0, 0.2, 1);&quot;&gt;&lt;/div&gt;
  (Session info: chrome=131.0.6778.205)
Build info: version: &apos;4.27.0&apos;, revision: &apos;d6e718d134&apos;
System info: os.name: &apos;Windows 10&apos;, os.arch: &apos;amd64&apos;, os.version: &apos;10.0&apos;, java.version: &apos;21.0.4&apos;
Driver info: org.openqa.selenium.chrome.ChromeDriver
Command: [1341e41a54b3c22fc39da73af8d36a88, clickElement {id=f.4390564EC46FFBF2F8D3C4BF4D640A82.d.C8A172A9EA8B8FA80C4B09C87DB9201A.e.24}]
Capabilities {acceptInsecureCerts: false, browserName: chrome, browserVersion: 131.0.6778.205, chrome: {chromedriverVersion: 131.0.6778.204 (52183f9e99a..., userDataDir: C:\Users\Saket\AppData\Loca...}, fedcm:accounts: true, goog:chromeOptions: {debuggerAddress: localhost:55491}, networkConnectionEnabled: false, pageLoadStrategy: normal, platformName: windows, proxy: Proxy(), se:cdp: ws://localhost:55491/devtoo..., se:cdpVersion: 131.0.6778.205, setWindowRect: true, strictFileInteractability: false, timeouts: {implicit: 0, pageLoad: 300000, script: 30000}, unhandledPromptBehavior: dismiss and notify, webauthn:extension:credBlob: true, webauthn:extension:largeBlob: true, webauthn:extension:minPinLength: true, webauthn:extension:prf: true, webauthn:virtualAuthenticators: true}
Element: [[ChromeDriver: chrome on windows (1341e41a54b3c22fc39da73af8d36a88)] -&gt; xpath: //div[@class=&apos;MuiStack-root css-1yls19f&apos;]/div/div/button]
Session ID: 1341e41a54b3c22fc39da73af8d36a88
	at org.openqa.selenium.remote.ErrorCodec.decode(ErrorCodec.java:167)
	at org.openqa.selenium.remote.codec.w3c.W3CHttpResponseCodec.decode(W3CHttpResponseCodec.java:138)
	at org.openqa.selenium.remote.codec.w3c.W3CHttpResponseCodec.decode(W3CHttpResponseCodec.java:50)
	at org.openqa.selenium.remote.HttpCommandExecutor.execute(HttpCommandExecutor.java:190)
	at org.openqa.selenium.remote.service.DriverCommandExecutor.invokeExecute(DriverCommandExecutor.java:216)
	at org.openqa.selenium.remote.service.DriverCommandExecutor.execute(DriverCommandExecutor.java:174)
	at org.openqa.selenium.remote.RemoteWebDriver.execute(RemoteWebDriver.java:545)
	at org.openqa.selenium.remote.RemoteWebElement.execute(RemoteWebElement.java:223)
	at org.openqa.selenium.remote.RemoteWebElement.click(RemoteWebElement.java:76)
	at org.openqa.selenium.support.pagefactory.internal.LocatingElementHandler.invoke(LocatingElementHandler.java:51)
	at jdk.proxy2/jdk.proxy2.$Proxy16.click(Unknown Source)
	at everailabs.Locators.UM_UsersPageLocators.addUserWithOptionalFields(UM_UsersPageLocators.java:208)
	at everailabs.EverAIDashboard.UserManagementTest.tc_002_verifyAddUserWithOptionalFields(UserManagementTest.java:28)
	at java.base/java.util.ArrayList.forEach(ArrayList.java:1596)
... Removed 30 stack frames
</div> <!-- stack-trace -->
                </div> <!-- method-content -->
              </div> <!-- method -->
            </div> <!-- main-panel-content rounded-window-bottom -->
          </div> <!-- suite-Suite-class-failed -->
          <div class="suite-Suite-class-passed">
            <div class="main-panel-header rounded-window-top">
              <img src="passed.png"/>
              <span class="class-name">everailabs.EverAIDashboard.LoginValidation</span>
            </div> <!-- main-panel-header rounded-window-top -->
            <div class="main-panel-content rounded-window-bottom">
              <div class="method">
                <div class="method-content">
                  <a name="tc_003_login({password=admin@123, useremail=maneeshsingh1@weareverise.com, username=Maneesh Singh})">
                  </a> <!-- tc_003_login({password=admin@123, useremail=maneeshsingh1@weareverise.com, username=Maneesh Singh}) -->
                  <span class="method-name">tc_003_login</span>
                  <span class="parameters">({password=admin@123, useremail=maneeshsingh1@weareverise.com, username=Maneesh Singh})</span>
                </div> <!-- method-content -->
              </div> <!-- method -->
            </div> <!-- main-panel-content rounded-window-bottom -->
          </div> <!-- suite-Suite-class-passed -->
        </div> <!-- panel Suite -->
        <div panel-name="test-xml-Suite" class="panel">
          <div class="main-panel-header rounded-window-top">
            <span class="header-content">C:\Users\Saket\eclipse-java-2024-06-R-win32-x86_64\workspace\EverAIDashboard\TestNGSuite\adduser.xml</span>
          </div> <!-- main-panel-header rounded-window-top -->
          <div class="main-panel-content rounded-window-bottom">
            <pre>
&lt;?xml version=&quot;1.0&quot; encoding=&quot;UTF-8&quot;?&gt;
&lt;!DOCTYPE suite SYSTEM &quot;https://testng.org/testng-1.0.dtd&quot;&gt;
&lt;suite name=&quot;Suite&quot; guice-stage=&quot;DEVELOPMENT&quot;&gt;
  &lt;listeners&gt;
    &lt;listener class-name=&quot;everailabs.ReferenceClasses.Listeners&quot;/&gt;
  &lt;/listeners&gt;
  &lt;test thread-count=&quot;1&quot; name=&quot;Login and Add User&quot;&gt;
    &lt;classes&gt;
      &lt;class name=&quot;everailabs.EverAIDashboard.LoginValidation&quot;&gt;
        &lt;methods&gt;
          &lt;include name=&quot;tc_003_login&quot;/&gt;
        &lt;/methods&gt;
      &lt;/class&gt; &lt;!-- everailabs.EverAIDashboard.LoginValidation --&gt;
      &lt;class name=&quot;everailabs.EverAIDashboard.UserManagementTest&quot;&gt;
        &lt;methods&gt;
          &lt;include name=&quot;tc_002_verifyAddUserWithOptionalFields&quot;/&gt;
        &lt;/methods&gt;
      &lt;/class&gt; &lt;!-- everailabs.EverAIDashboard.UserManagementTest --&gt;
    &lt;/classes&gt;
  &lt;/test&gt; &lt;!-- Login and Add User --&gt;
&lt;/suite&gt; &lt;!-- Suite --&gt;
            </pre>
          </div> <!-- main-panel-content rounded-window-bottom -->
        </div> <!-- panel -->
        <div panel-name="testlist-Suite" class="panel">
          <div class="main-panel-header rounded-window-top">
            <span class="header-content">Tests for Suite</span>
          </div> <!-- main-panel-header rounded-window-top -->
          <div class="main-panel-content rounded-window-bottom">
            <ul>
              <li>
                <span class="test-name">Login and Add User (2 classes)</span>
              </li>
            </ul>
          </div> <!-- main-panel-content rounded-window-bottom -->
        </div> <!-- panel -->
        <div panel-name="group-Suite" class="panel">
          <div class="main-panel-header rounded-window-top">
            <span class="header-content">Groups for Suite</span>
          </div> <!-- main-panel-header rounded-window-top -->
          <div class="main-panel-content rounded-window-bottom">
          </div> <!-- main-panel-content rounded-window-bottom -->
        </div> <!-- panel -->
        <div panel-name="times-Suite" class="panel">
          <div class="main-panel-header rounded-window-top">
            <span class="header-content">Times for Suite</span>
          </div> <!-- main-panel-header rounded-window-top -->
          <div class="main-panel-content rounded-window-bottom">
            <div class="times-div">
              <script type="text/javascript">
suiteTableInitFunctions.push('tableData_Suite');
function tableData_Suite() {
var data = new google.visualization.DataTable();
data.addColumn('number', 'Number');
data.addColumn('string', 'Method');
data.addColumn('string', 'Class');
data.addColumn('number', 'Time (ms)');
data.addRows(8);
data.setCell(0, 0, 0)
data.setCell(0, 1, 'tc_002_verifyAddUserWithOptionalFields')
data.setCell(0, 2, 'everailabs.EverAIDashboard.UserManagementTest')
data.setCell(0, 3, 6892);
data.setCell(1, 0, 1)
data.setCell(1, 1, 'tc_002_verifyAddUserWithOptionalFields')
data.setCell(1, 2, 'everailabs.EverAIDashboard.UserManagementTest')
data.setCell(1, 3, 6682);
data.setCell(2, 0, 2)
data.setCell(2, 1, 'tc_002_verifyAddUserWithOptionalFields')
data.setCell(2, 2, 'everailabs.EverAIDashboard.UserManagementTest')
data.setCell(2, 3, 1952);
data.setCell(3, 0, 3)
data.setCell(3, 1, 'tc_003_login')
data.setCell(3, 2, 'everailabs.EverAIDashboard.LoginValidation')
data.setCell(3, 3, 1904);
data.setCell(4, 0, 4)
data.setCell(4, 1, 'tc_002_verifyAddUserWithOptionalFields')
data.setCell(4, 2, 'everailabs.EverAIDashboard.UserManagementTest')
data.setCell(4, 3, 1104);
data.setCell(5, 0, 5)
data.setCell(5, 1, 'tc_002_verifyAddUserWithOptionalFields')
data.setCell(5, 2, 'everailabs.EverAIDashboard.UserManagementTest')
data.setCell(5, 3, 1101);
data.setCell(6, 0, 6)
data.setCell(6, 1, 'tc_002_verifyAddUserWithOptionalFields')
data.setCell(6, 2, 'everailabs.EverAIDashboard.UserManagementTest')
data.setCell(6, 3, 1096);
data.setCell(7, 0, 7)
data.setCell(7, 1, 'tc_002_verifyAddUserWithOptionalFields')
data.setCell(7, 2, 'everailabs.EverAIDashboard.UserManagementTest')
data.setCell(7, 3, 1065);
window.suiteTableData['Suite']= { tableData: data, tableDiv: 'times-div-Suite'}
return data;
}
              </script>
              <span class="suite-total-time">Total running time: 21 seconds</span>
              <div id="times-div-Suite">
              </div> <!-- times-div-Suite -->
            </div> <!-- times-div -->
          </div> <!-- main-panel-content rounded-window-bottom -->
        </div> <!-- panel -->
        <div panel-name="reporter-Suite" class="panel">
          <div class="main-panel-header rounded-window-top">
            <span class="header-content">Reporter output for Suite</span>
          </div> <!-- main-panel-header rounded-window-top -->
          <div class="main-panel-content rounded-window-bottom">
          </div> <!-- main-panel-content rounded-window-bottom -->
        </div> <!-- panel -->
        <div panel-name="ignored-methods-Suite" class="panel">
          <div class="main-panel-header rounded-window-top">
            <span class="header-content">3 ignored methods</span>
          </div> <!-- main-panel-header rounded-window-top -->
          <div class="main-panel-content rounded-window-bottom">
            <div class="ignored-class-div">
              <span class="ignored-class-name">everailabs.EverAIDashboard.UserManagementTest</span>
              <div class="ignored-methods-div">
                <span class="ignored-method-name">tc_001_verifyAddUserWithMandatoryFields</span>
                <br/>
              </div> <!-- ignored-methods-div -->
            </div> <!-- ignored-class-div -->
            <div class="ignored-class-div">
              <span class="ignored-class-name">everailabs.EverAIDashboard.LoginValidation</span>
              <div class="ignored-methods-div">
                <span class="ignored-method-name">tc_002_verifyloginWithValidCreds</span>
                <br/>
                <span class="ignored-method-name">tc_001_VerifyLoginPageElements</span>
                <br/>
              </div> <!-- ignored-methods-div -->
            </div> <!-- ignored-class-div -->
          </div> <!-- main-panel-content rounded-window-bottom -->
        </div> <!-- panel -->
        <div panel-name="chronological-Suite" class="panel">
          <div class="main-panel-header rounded-window-top">
            <span class="header-content">Methods in chronological order</span>
          </div> <!-- main-panel-header rounded-window-top -->
          <div class="main-panel-content rounded-window-bottom">
            <div class="chronological-class">
              <div class="chronological-class-name">everailabs.EverAIDashboard.LoginValidation</div> <!-- chronological-class-name -->
              <div class="configuration-method before">
                <span class="method-name">launchApp</span>
                <span class="method-start">0 ms</span>
              </div> <!-- configuration-method before -->
              <div class="test-method">
                <span class="method-name">tc_003_login({password=admin@123, useremail=maneeshsingh1@weareverise.com, username=Maneesh Singh})</span>
                <span class="method-start">9953 ms</span>
              </div> <!-- test-method -->
              <div class="configuration-method after">
                <span class="method-name">exit</span>
                <span class="method-start">11861 ms</span>
              </div> <!-- configuration-method after -->
            </div> <!-- chronological-class -->
            <div class="chronological-class">
              <div class="chronological-class-name">everailabs.EverAIDashboard.UserManagementTest</div> <!-- chronological-class-name -->
              <div class="configuration-method before">
                <span class="method-name">launchApp</span>
                <span class="method-start">11868 ms</span>
              </div> <!-- configuration-method before -->
              <div class="test-method">
                <img src="failed.png">
                </img>
                <span class="method-name">tc_002_verifyAddUserWithOptionalFields({date=null, division=null, internalID=INT-123, firstname=Alice, classID=CLS_001, externalID=EXT#567,...)</span>
                <span class="method-start">11869 ms</span>
              </div> <!-- test-method -->
              <div class="configuration-method after">
                <span class="method-name">exit</span>
                <span class="method-start">18985 ms</span>
              </div> <!-- configuration-method after -->
              <div class="configuration-method before">
                <span class="method-name">launchApp</span>
                <span class="method-start">18986 ms</span>
              </div> <!-- configuration-method before -->
              <div class="test-method">
                <img src="failed.png">
                </img>
                <span class="method-name">tc_002_verifyAddUserWithOptionalFields({date=null, division=null, internalID=INT_456, firstname=Jane, classID=CLS-002, externalID=EXT#789, ...)</span>
                <span class="method-start">18987 ms</span>
              </div> <!-- test-method -->
              <div class="configuration-method after">
                <span class="method-name">exit</span>
                <span class="method-start">25868 ms</span>
              </div> <!-- configuration-method after -->
              <div class="configuration-method before">
                <span class="method-name">launchApp</span>
                <span class="method-start">25869 ms</span>
              </div> <!-- configuration-method before -->
              <div class="test-method">
                <img src="failed.png">
                </img>
                <span class="method-name">tc_002_verifyAddUserWithOptionalFields({date=null, division=null, internalID=INT-789, firstname=Michael, classID=, externalID=EXT#123, emai...)</span>
                <span class="method-start">25870 ms</span>
              </div> <!-- test-method -->
              <div class="configuration-method after">
                <span class="method-name">exit</span>
                <span class="method-start">27953 ms</span>
              </div> <!-- configuration-method after -->
              <div class="test-method">
                <img src="failed.png">
                </img>
                <span class="method-name">tc_002_verifyAddUserWithOptionalFields({date=null, division=null, internalID=, firstname=Emily, classID=CLS-004, externalID=EXT#456, email=...)</span>
                <span class="method-start">27954 ms</span>
              </div> <!-- test-method -->
              <div class="configuration-method before">
                <span class="method-name">launchApp</span>
                <span class="method-start">27954 ms</span>
              </div> <!-- configuration-method before -->
              <div class="configuration-method after">
                <span class="method-name">exit</span>
                <span class="method-start">29168 ms</span>
              </div> <!-- configuration-method after -->
              <div class="configuration-method before">
                <span class="method-name">launchApp</span>
                <span class="method-start">29169 ms</span>
              </div> <!-- configuration-method before -->
              <div class="test-method">
                <img src="failed.png">
                </img>
                <span class="method-name">tc_002_verifyAddUserWithOptionalFields({date=null, division=null, internalID=INT-567, firstname=William, classID=CLS-006, externalID=, emai...)</span>
                <span class="method-start">29169 ms</span>
              </div> <!-- test-method -->
              <div class="configuration-method after">
                <span class="method-name">exit</span>
                <span class="method-start">30427 ms</span>
              </div> <!-- configuration-method after -->
              <div class="configuration-method before">
                <span class="method-name">launchApp</span>
                <span class="method-start">30428 ms</span>
              </div> <!-- configuration-method before -->
              <div class="test-method">
                <img src="failed.png">
                </img>
                <span class="method-name">tc_002_verifyAddUserWithOptionalFields({date=null, division=null, internalID=INT-123, firstname=Bob, classID=CLS_010, externalID=EXT#890, e...)</span>
                <span class="method-start">30429 ms</span>
              </div> <!-- test-method -->
              <div class="configuration-method after">
                <span class="method-name">exit</span>
                <span class="method-start">31652 ms</span>
              </div> <!-- configuration-method after -->
              <div class="configuration-method before">
                <span class="method-name">launchApp</span>
                <span class="method-start">31653 ms</span>
              </div> <!-- configuration-method before -->
              <div class="test-method">
                <img src="failed.png">
                </img>
                <span class="method-name">tc_002_verifyAddUserWithOptionalFields({date=null, division=null, internalID=INT-123, firstname=Charlie, classID=CLS_010, externalID=EXT#89...)</span>
                <span class="method-start">31653 ms</span>
              </div> <!-- test-method -->
              <div class="configuration-method after">
                <span class="method-name">exit</span>
                <span class="method-start">32901 ms</span>
              </div> <!-- configuration-method after -->
          </div> <!-- main-panel-content rounded-window-bottom -->
        </div> <!-- panel -->
      </div> <!-- main-panel-root -->
    </div> <!-- wrapper -->
  </body>
<script type="text/javascript" src="testng-reports2.js"></script>
</html>
