<?xml version="1.0" encoding="UTF-8"?>
<!-- Generated by org.testng.reporters.JUnitReportReporter -->
<testsuite hostname="INDLPTC722KS3x" failures="2" tests="20" name="everailabs.EverAIDashboard.UserManagementUsersTest" time="238.312" errors="0" timestamp="2025-01-20T17:01:33 IST" skipped="0">
  <testcase classname="everailabs.EverAIDashboard.UserManagementUsersTest" name="tc_003_verifySearchWithNameOrEmail" time="11.819"/>
  <testcase classname="everailabs.EverAIDashboard.UserManagementUsersTest" name="tc_003_verifySearchWithNameOrEmail" time="11.852"/>
  <testcase classname="everailabs.EverAIDashboard.UserManagementUsersTest" name="tc_003_verifySearchWithNameOrEmail" time="11.785"/>
  <testcase classname="everailabs.EverAIDashboard.UserManagementUsersTest" name="tc_003_verifySearchWithNameOrEmail" time="13.309"/>
  <testcase classname="everailabs.EverAIDashboard.UserManagementUsersTest" name="tc_003_verifySearchWithNameOrEmail" time="12.439"/>
  <testcase classname="everailabs.EverAIDashboard.UserManagementUsersTest" name="tc_003_verifySearchWithNameOrEmail" time="12.336"/>
  <testcase classname="everailabs.EverAIDashboard.UserManagementUsersTest" name="tc_003_verifySearchWithNameOrEmail" time="11.935">
    <failure message="Row does not match search criteria: Gurpreet Singh  GURPREET    SINGH expected [true] but found [false]" type="java.lang.AssertionError">
      <![CDATA[java.lang.AssertionError: Row does not match search criteria: Gurpreet Singh  GURPREET    SINGH expected [true] but found [false]
at org.testng.Assert.fail(Assert.java:111)
at org.testng.Assert.failNotEquals(Assert.java:1578)
at org.testng.Assert.assertTrue(Assert.java:57)
at everailabs.EverAIDashboard.UserManagementUsersTest.tc_003_verifySearchWithNameOrEmail(UserManagementUsersTest.java:43)
at java.base/jdk.internal.reflect.DirectMethodHandleAccessor.invoke(DirectMethodHandleAccessor.java:103)
at java.base/java.lang.reflect.Method.invoke(Method.java:580)
at org.testng.internal.invokers.MethodInvocationHelper.invokeMethod(MethodInvocationHelper.java:141)
at org.testng.internal.invokers.TestInvoker.invokeMethod(TestInvoker.java:686)
at org.testng.internal.invokers.TestInvoker.invokeTestMethod(TestInvoker.java:230)
at org.testng.internal.invokers.MethodRunner.runInSequence(MethodRunner.java:63)
at org.testng.internal.invokers.TestInvoker$MethodInvocationAgent.invoke(TestInvoker.java:992)
at org.testng.internal.invokers.TestInvoker.invokeTestMethods(TestInvoker.java:203)
at org.testng.internal.invokers.TestMethodWorker.invokeTestMethods(TestMethodWorker.java:154)
at org.testng.internal.invokers.TestMethodWorker.run(TestMethodWorker.java:134)
at java.base/java.util.ArrayList.forEach(ArrayList.java:1596)
at org.testng.TestRunner.privateRun(TestRunner.java:739)
at org.testng.TestRunner.run(TestRunner.java:614)
at org.testng.SuiteRunner.runTest(SuiteRunner.java:421)
at org.testng.SuiteRunner.runSequentially(SuiteRunner.java:413)
at org.testng.SuiteRunner.privateRun(SuiteRunner.java:373)
at org.testng.SuiteRunner.run(SuiteRunner.java:312)
at org.testng.SuiteRunnerWorker.runSuite(SuiteRunnerWorker.java:52)
at org.testng.SuiteRunnerWorker.run(SuiteRunnerWorker.java:95)
at org.testng.TestNG.runSuitesSequentially(TestNG.java:1274)
at org.testng.TestNG.runSuitesLocally(TestNG.java:1208)
at org.testng.TestNG.runSuites(TestNG.java:1112)
at org.testng.TestNG.run(TestNG.java:1079)
at org.testng.remote.AbstractRemoteTestNG.run(AbstractRemoteTestNG.java:115)
at org.testng.remote.RemoteTestNG.initAndRun(RemoteTestNG.java:293)
at org.testng.remote.RemoteTestNG.main(RemoteTestNG.java:91)
]]>
    </failure>
  </testcase> <!-- tc_003_verifySearchWithNameOrEmail -->
  <testcase classname="everailabs.EverAIDashboard.UserManagementUsersTest" name="tc_003_verifySearchWithNameOrEmail" time="11.788"/>
  <testcase classname="everailabs.EverAIDashboard.UserManagementUsersTest" name="tc_003_verifySearchWithNameOrEmail" time="11.777"/>
  <testcase classname="everailabs.EverAIDashboard.UserManagementUsersTest" name="tc_003_verifySearchWithNameOrEmail" time="11.884"/>
  <testcase classname="everailabs.EverAIDashboard.UserManagementUsersTest" name="tc_003_verifySearchWithNameOrEmail" time="11.804"/>
  <testcase classname="everailabs.EverAIDashboard.UserManagementUsersTest" name="tc_003_verifySearchWithNameOrEmail" time="11.848"/>
  <testcase classname="everailabs.EverAIDashboard.UserManagementUsersTest" name="tc_003_verifySearchWithNameOrEmail" time="10.288"/>
  <testcase classname="everailabs.EverAIDashboard.UserManagementUsersTest" name="tc_003_verifySearchWithNameOrEmail" time="11.844"/>
  <testcase classname="everailabs.EverAIDashboard.UserManagementUsersTest" name="tc_003_verifySearchWithNameOrEmail" time="11.826"/>
  <testcase classname="everailabs.EverAIDashboard.UserManagementUsersTest" name="tc_003_verifySearchWithNameOrEmail" time="11.747"/>
  <testcase classname="everailabs.EverAIDashboard.UserManagementUsersTest" name="tc_003_verifySearchWithNameOrEmail" time="12.418">
    <failure message="Row does not match search criteria: Shivangi Test  SHIVANGIAG03 expected [true] but found [false]" type="java.lang.AssertionError">
      <![CDATA[java.lang.AssertionError: Row does not match search criteria: Shivangi Test  SHIVANGIAG03 expected [true] but found [false]
at org.testng.Assert.fail(Assert.java:111)
at org.testng.Assert.failNotEquals(Assert.java:1578)
at org.testng.Assert.assertTrue(Assert.java:57)
at everailabs.EverAIDashboard.UserManagementUsersTest.tc_003_verifySearchWithNameOrEmail(UserManagementUsersTest.java:43)
at java.base/jdk.internal.reflect.DirectMethodHandleAccessor.invoke(DirectMethodHandleAccessor.java:103)
at java.base/java.lang.reflect.Method.invoke(Method.java:580)
at org.testng.internal.invokers.MethodInvocationHelper.invokeMethod(MethodInvocationHelper.java:141)
at org.testng.internal.invokers.TestInvoker.invokeMethod(TestInvoker.java:686)
at org.testng.internal.invokers.TestInvoker.invokeTestMethod(TestInvoker.java:230)
at org.testng.internal.invokers.MethodRunner.runInSequence(MethodRunner.java:63)
at org.testng.internal.invokers.TestInvoker$MethodInvocationAgent.invoke(TestInvoker.java:992)
at org.testng.internal.invokers.TestInvoker.invokeTestMethods(TestInvoker.java:203)
at org.testng.internal.invokers.TestMethodWorker.invokeTestMethods(TestMethodWorker.java:154)
at org.testng.internal.invokers.TestMethodWorker.run(TestMethodWorker.java:134)
at java.base/java.util.ArrayList.forEach(ArrayList.java:1596)
at org.testng.TestRunner.privateRun(TestRunner.java:739)
at org.testng.TestRunner.run(TestRunner.java:614)
at org.testng.SuiteRunner.runTest(SuiteRunner.java:421)
at org.testng.SuiteRunner.runSequentially(SuiteRunner.java:413)
at org.testng.SuiteRunner.privateRun(SuiteRunner.java:373)
at org.testng.SuiteRunner.run(SuiteRunner.java:312)
at org.testng.SuiteRunnerWorker.runSuite(SuiteRunnerWorker.java:52)
at org.testng.SuiteRunnerWorker.run(SuiteRunnerWorker.java:95)
at org.testng.TestNG.runSuitesSequentially(TestNG.java:1274)
at org.testng.TestNG.runSuitesLocally(TestNG.java:1208)
at org.testng.TestNG.runSuites(TestNG.java:1112)
at org.testng.TestNG.run(TestNG.java:1079)
at org.testng.remote.AbstractRemoteTestNG.run(AbstractRemoteTestNG.java:115)
at org.testng.remote.RemoteTestNG.initAndRun(RemoteTestNG.java:293)
at org.testng.remote.RemoteTestNG.main(RemoteTestNG.java:91)
]]>
    </failure>
  </testcase> <!-- tc_003_verifySearchWithNameOrEmail -->
  <testcase classname="everailabs.EverAIDashboard.UserManagementUsersTest" name="tc_003_verifySearchWithNameOrEmail" time="11.906"/>
  <testcase classname="everailabs.EverAIDashboard.UserManagementUsersTest" name="tc_003_verifySearchWithNameOrEmail" time="11.824"/>
  <testcase classname="everailabs.EverAIDashboard.UserManagementUsersTest" name="tc_003_verifySearchWithNameOrEmail" time="11.883"/>
</testsuite> <!-- everailabs.EverAIDashboard.UserManagementUsersTest -->
